2019-11-28 11:39:36,646(pid:73400,tid:150888)--INFO: 登入成功...
2019-11-28 11:39:36,647(pid:73400,tid:150888)--INFO: 抓拍列表数据请求参数:{}
2019-11-28 11:43:42,845(pid:69352,tid:79524)--INFO: 登入成功...
2019-11-28 11:43:42,845(pid:69352,tid:79524)--INFO: 抓拍列表数据请求参数:{}
2019-11-28 15:04:05,736(pid:18352,tid:101304)--INFO: 登入成功...
2019-11-28 15:04:05,736(pid:18352,tid:101304)--INFO: 抓拍列表数据请求参数:{}
2019-11-28 15:04:35,148(pid:40404,tid:21368)--INFO: 登入成功...
2019-11-28 15:04:35,162(pid:40404,tid:21368)--INFO: 抓拍列表数据请求参数:{'areaCode': '000-000-000'}
2019-11-28 15:04:35,169(pid:40404,tid:21368)--INFO: 抓拍列表数据请求参数:{'token': '1e41778e-c5c8-4d3a-80f0-fb1b076ff2e7'}
2019-11-28 15:04:35,347(pid:40404,tid:21368)--INFO: 登入成功...
2019-11-28 15:04:35,680(pid:40404,tid:21368)--INFO: 登入成功...
2019-11-28 15:04:35,753(pid:40404,tid:21368)--INFO: 登入成功...
2019-11-28 15:04:35,754(pid:40404,tid:21368)--INFO: 抓拍列表数据请求参数:{'token': 'a1488952-83f9-427f-bf06-f191f5d864e3', 'areaCode': '000-000-000', 'startDate': '2019-11-28', 'endDate': '2019-11-28'}
2019-11-28 15:04:35,763(pid:40404,tid:21368)--INFO: 跟进信息请求参数:{'snapId': 5211, 'token': 'a1488952-83f9-427f-bf06-f191f5d864e3', 'areaCode': '000-000-000', 'phone': '58544319683', 'personName': 'yruY', 'imagePath': 'http://192.168.89.252:8080/upload/report/2019-11-28/1129/9f92a3aa-c1b1-4bb0-953a-acd57601736e.jpg', 'isTrade': 0, 'brands': ['黄金'], 'intention': '中', 'remark': '测试...', 'used': ['自己用']}
2019-11-28 15:04:36,208(pid:40404,tid:21368)--INFO: 抓拍列表数据请求参数:{'token': 'a1488952-83f9-427f-bf06-f191f5d864e3', 'areaCode': '000-000-000', 'startDate': '2019-11-28', 'endDate': '2019-11-28'}
2019-11-28 15:04:36,219(pid:40404,tid:21368)--INFO: 添加跟进信息请求参数:{'snapId': 5211, 'token': 'a1488952-83f9-427f-bf06-f191f5d864e3', 'areaCode': '000-000-000', 'personName': 'yruY', 'isTrade': 1, 'brands': ['黄金', '白金', '钻石'], 'intention': '高', 'remark': '追加记录...', 'used': ['送礼', '收藏', '自用'], 'personCode': 184, 'phone': '58544319683'}
2019-11-28 15:04:36,283(pid:40404,tid:21368)--INFO: 登入成功...
2019-11-28 15:04:36,367(pid:40404,tid:21368)--INFO: 登入成功...
2019-11-28 15:04:36,369(pid:40404,tid:21368)--INFO: 抓拍列表数据请求参数:{'token': '64c641e5-2fb0-415c-b425-45976e51bbf8', 'areaCode': '000-000-000', 'startDate': '2019-11-28', 'endDate': '2019-11-28'}
2019-11-28 15:04:36,377(pid:40404,tid:21368)--INFO: 修改客户信息请求参数:{'token': '64c641e5-2fb0-415c-b425-45976e51bbf8', 'personCode': 184, 'phone': '34512364297', 'personName': 'VLr4'}
2019-11-28 15:04:38,423(pid:40404,tid:21368)--INFO: 我的客户列表请求参数:{'token': '64c641e5-2fb0-415c-b425-45976e51bbf8', 'areaCode': '000-000-000', 'startDate': '2019-11-28', 'endDate': '2019-11-28', 'vipType': 3}
2019-11-28 15:04:38,467(pid:40404,tid:21368)--INFO: 登入成功...
2019-11-28 15:04:38,468(pid:40404,tid:21368)--INFO: 抓拍列表统计请求参数:{'token': 'da9d00f4-3762-40bc-92b5-5540376326f6', 'areaCode': '000-000-000', 'startDate': '2019-11-28', 'endDate': '2019-11-28'}
2019-11-28 15:04:38,498(pid:40404,tid:21368)--INFO: 登入成功...
2019-11-28 15:04:38,590(pid:40404,tid:21368)--INFO: 登入成功...
2019-11-28 15:04:38,591(pid:40404,tid:21368)--INFO: 店员业绩请求参数:{'areaCode': '000-000-000', 'token': 'e525ba60-1898-41ae-8bf0-c702feb873bf', 'endDate': '2019-11-28', 'startDate': '2019-11-28'}
2019-11-28 15:04:38,761(pid:40404,tid:21368)--INFO: 登入成功...
2019-11-28 15:04:38,868(pid:40404,tid:21368)--INFO: 登入成功...
2019-11-28 15:04:38,939(pid:40404,tid:21368)--INFO: 登入成功...
2019-11-28 15:04:39,004(pid:40404,tid:21368)--INFO: 登入成功...
2019-11-28 15:04:39,076(pid:40404,tid:21368)--INFO: 登入成功...
2019-11-28 15:05:35,984(pid:61624,tid:133272)--INFO: 登入成功...
2019-11-28 15:05:36,004(pid:61624,tid:133272)--INFO: 抓拍列表数据请求参数:{'areaCode': '000-000-000'}
2019-11-28 15:05:36,017(pid:61624,tid:133272)--INFO: 抓拍列表数据请求参数:{'token': 'c89aba1f-cf7b-4d80-807c-b0ab687b0531'}
2019-11-28 15:05:36,144(pid:61624,tid:133272)--INFO: 登入成功...
2019-11-28 15:05:46,219(pid:61624,tid:133272)--INFO: 抓拍列表数据请求参数:{'token': 'beb287e5-24d9-4eaf-b7ae-ae8b24b7ba89', 'areaCode': '000-000-000', 'startDate': '2019-11-28', 'endDate': '2019-11-28'}
2019-11-28 15:05:46,248(pid:61624,tid:133272)--INFO: 抓拍列表数据请求参数:{'token': 'beb287e5-24d9-4eaf-b7ae-ae8b24b7ba89', 'areaCode': '000-000-000', 'startDate': '2019-11-28', 'endDate': '2019-11-28', 'dataType': 1}
2019-11-28 15:05:46,257(pid:61624,tid:133272)--INFO: 抓拍列表数据请求参数:{'token': 'beb287e5-24d9-4eaf-b7ae-ae8b24b7ba89', 'areaCode': '000-000-000', 'startDate': '2019-11-28', 'endDate': '2019-11-28', 'dataType': 2}
2019-11-28 15:05:46,264(pid:61624,tid:133272)--INFO: 抓拍列表数据请求参数:{'token': 'beb287e5-24d9-4eaf-b7ae-ae8b24b7ba89', 'areaCode': '000-000-000', 'startDate': '2019-11-28', 'endDate': '2019-11-28', 'dataType': 3}
2019-11-28 15:05:46,285(pid:61624,tid:133272)--INFO: 登入成功...
2019-11-28 15:05:56,328(pid:61624,tid:133272)--INFO: 抓拍列表数据请求参数:{'token': 'e88e6bea-fca9-4857-84c3-e2d32a799a32', 'areaCode': '000-000-000', 'startDate': '2019-11-28', 'endDate': '2019-11-28'}
2019-11-28 15:05:56,339(pid:61624,tid:133272)--INFO: 跟进信息请求参数:{'snapId': 5211, 'token': 'e88e6bea-fca9-4857-84c3-e2d32a799a32', 'areaCode': '000-000-000', 'phone': '42416150162', 'personName': 'cF8N', 'imagePath': 'http://192.168.89.252:8080/upload/report/2019-11-28/1129/9f92a3aa-c1b1-4bb0-953a-acd57601736e.jpg', 'isTrade': 0, 'brands': ['黄金'], 'intention': '中', 'remark': '测试...', 'used': ['自己用']}
2019-11-28 15:05:56,841(pid:61624,tid:133272)--INFO: 登入成功...
2019-11-28 15:05:56,843(pid:61624,tid:133272)--INFO: 抓拍列表数据请求参数:{'token': '10ca1e02-16d2-48ed-a682-170cdd6aa7fc', 'areaCode': '000-000-000', 'startDate': '2019-11-28', 'endDate': '2019-11-28'}
2019-11-28 15:05:56,851(pid:61624,tid:133272)--INFO: 跟进信息请求参数:{'snapId': 5211, 'token': '10ca1e02-16d2-48ed-a682-170cdd6aa7fc', 'areaCode': '000-000-000', 'phone': '26286208557', 'personName': 'rRdc', 'imagePath': 'http://192.168.89.252:8080/upload/report/2019-11-28/1129/9f92a3aa-c1b1-4bb0-953a-acd57601736e.jpg', 'isTrade': 0, 'brands': ['黄金'], 'intention': '中', 'remark': '测试...', 'used': ['自己用']}
2019-11-28 15:05:57,297(pid:61624,tid:133272)--INFO: 抓拍列表数据请求参数:{'token': '10ca1e02-16d2-48ed-a682-170cdd6aa7fc', 'areaCode': '000-000-000', 'startDate': '2019-11-28', 'endDate': '2019-11-28'}
2019-11-28 15:05:57,306(pid:61624,tid:133272)--INFO: 添加跟进信息请求参数:{'snapId': 5211, 'token': '10ca1e02-16d2-48ed-a682-170cdd6aa7fc', 'areaCode': '000-000-000', 'personName': 'rRdc', 'isTrade': 1, 'brands': ['黄金', '白金', '钻石'], 'intention': '高', 'remark': '追加记录...', 'used': ['送礼', '收藏', '自用'], 'personCode': 186, 'phone': '26286208557'}
2019-11-28 15:05:57,353(pid:61624,tid:133272)--INFO: 登入成功...
2019-11-28 15:06:07,412(pid:61624,tid:133272)--INFO: 抓拍列表数据请求参数:{'token': '904cf65d-2eae-4dc3-a580-7b7400f74217', 'areaCode': '000-000-000', 'startDate': '2019-11-28', 'endDate': '2019-11-28'}
2019-11-28 15:06:07,422(pid:61624,tid:133272)--INFO: 跟进信息请求参数:{'snapId': 5214, 'token': '904cf65d-2eae-4dc3-a580-7b7400f74217', 'areaCode': '000-000-000', 'phone': '14498571224', 'personName': 'qlyA', 'imagePath': 'http://192.168.89.252:8080/upload/report/2019-11-28/1129/fa010c66-d15c-4e92-a85f-26a12d46b082.jpg', 'isTrade': 0, 'brands': ['黄金'], 'intention': '中', 'remark': '测试...', 'used': ['自己用']}
2019-11-28 15:06:07,884(pid:61624,tid:133272)--INFO: 我的客户列表请求参数:{'token': '904cf65d-2eae-4dc3-a580-7b7400f74217', 'areaCode': '000-000-000', 'startDate': '2019-11-28', 'endDate': '2019-11-28', 'vipType': 3}
2019-11-28 15:06:07,937(pid:61624,tid:133272)--INFO: 登入成功...
2019-11-28 15:06:07,938(pid:61624,tid:133272)--INFO: 抓拍列表数据请求参数:{'token': '8315d445-c84e-4e1f-ae7c-a927883d0b0c', 'areaCode': '000-000-000', 'startDate': '2019-11-28', 'endDate': '2019-11-28'}
2019-11-28 15:06:07,946(pid:61624,tid:133272)--INFO: 修改客户信息请求参数:{'token': '8315d445-c84e-4e1f-ae7c-a927883d0b0c', 'personCode': 187, 'phone': '06375227726', 'personName': '9xLl'}
2019-11-28 15:06:09,967(pid:61624,tid:133272)--INFO: 我的客户列表请求参数:{'token': '8315d445-c84e-4e1f-ae7c-a927883d0b0c', 'areaCode': '000-000-000', 'startDate': '2019-11-28', 'endDate': '2019-11-28', 'vipType': 3}
2019-11-28 15:06:09,992(pid:61624,tid:133272)--INFO: 登入成功...
2019-11-28 15:06:09,993(pid:61624,tid:133272)--INFO: 抓拍列表统计请求参数:{'token': 'b13895ff-72a2-48ac-8d2e-878bb746bb93', 'areaCode': '000-000-000', 'startDate': '2019-11-28', 'endDate': '2019-11-28'}
2019-11-28 15:06:10,035(pid:61624,tid:133272)--INFO: 登入成功...
2019-11-28 15:06:20,097(pid:61624,tid:133272)--INFO: 抓拍列表数据请求参数:{'token': '3f78780a-a897-413a-b3a8-7e9675e1c6f2', 'areaCode': '000-000-000', 'startDate': '2019-11-28', 'endDate': '2019-11-28'}
2019-11-28 15:06:20,109(pid:61624,tid:133272)--INFO: 标记为非客户请求参数:{'token': '3f78780a-a897-413a-b3a8-7e9675e1c6f2', 'snapId': 5215, 'vipType': 0}
2019-11-28 15:06:20,166(pid:61624,tid:133272)--INFO: 登入成功...
2019-11-28 15:06:20,167(pid:61624,tid:133272)--INFO: 店员业绩请求参数:{'areaCode': '000-000-000', 'token': '30cb806c-26ca-41ab-bee6-f5f9dbfbd42d', 'endDate': '2019-11-28', 'startDate': '2019-11-28'}
2019-11-28 15:06:20,286(pid:61624,tid:133272)--INFO: 登入成功...
2019-11-28 15:06:30,374(pid:61624,tid:133272)--INFO: 抓拍列表数据请求参数:{'token': 'f3afabc3-0a77-4b37-95e1-fa0b0e5735a9', 'areaCode': '000-000-000', 'startDate': '2019-11-28', 'endDate': '2019-11-28'}
2019-11-28 15:06:30,384(pid:61624,tid:133272)--INFO: 跟进信息请求参数:{'snapId': 5216, 'token': 'f3afabc3-0a77-4b37-95e1-fa0b0e5735a9', 'areaCode': '000-000-000', 'phone': '17558311245', 'personName': 'WxAm', 'imagePath': 'http://192.168.89.252:8080/upload/report/2019-11-28/1129/df534451-1b39-4840-9314-4143cf50061f.jpg', 'isTrade': 0, 'brands': ['黄金'], 'intention': '中', 'remark': '测试...', 'used': ['自己用']}
2019-11-28 15:06:40,890(pid:61624,tid:133272)--INFO: 抓拍列表数据请求参数:{'token': 'f3afabc3-0a77-4b37-95e1-fa0b0e5735a9', 'areaCode': '000-000-000', 'startDate': '2019-11-28', 'endDate': '2019-11-28'}
2019-11-28 15:06:40,928(pid:61624,tid:133272)--INFO: 跟进信息请求参数:{'snapId': 5217, 'token': 'f3afabc3-0a77-4b37-95e1-fa0b0e5735a9', 'areaCode': '000-000-000', 'phone': '84700227373', 'personName': 'oQWH', 'imagePath': 'http://192.168.89.252:8080/upload/report/2019-11-28/1129/03c61892-c246-403c-b263-a5ede8817db4.jpg', 'isTrade': 1, 'brands': ['黄金'], 'intention': '中', 'remark': '测试...', 'used': ['自己用']}
2019-11-28 15:06:49,427(pid:61624,tid:133272)--INFO: 抓拍列表数据请求参数:{'token': 'f3afabc3-0a77-4b37-95e1-fa0b0e5735a9', 'areaCode': '000-000-000', 'startDate': '2019-11-28', 'endDate': '2019-11-28'}
2019-11-28 15:06:49,439(pid:61624,tid:133272)--INFO: 抓拍列表数据请求参数:{'token': 'f3afabc3-0a77-4b37-95e1-fa0b0e5735a9', 'areaCode': '000-000-000', 'startDate': '2019-11-28', 'endDate': '2019-11-28', 'dataType': 1}
2019-11-28 15:06:49,447(pid:61624,tid:133272)--INFO: 抓拍列表数据请求参数:{'token': 'f3afabc3-0a77-4b37-95e1-fa0b0e5735a9', 'areaCode': '000-000-000', 'startDate': '2019-11-28', 'endDate': '2019-11-28', 'dataType': 2}
2019-11-28 15:06:49,453(pid:61624,tid:133272)--INFO: 抓拍列表数据请求参数:{'token': 'f3afabc3-0a77-4b37-95e1-fa0b0e5735a9', 'areaCode': '000-000-000', 'startDate': '2019-11-28', 'endDate': '2019-11-28', 'dataType': 3}
2019-11-28 15:06:49,509(pid:61624,tid:133272)--INFO: 登入成功...
2019-11-28 15:06:59,563(pid:61624,tid:133272)--INFO: 抓拍列表统计请求参数:{'token': 'c204ce94-9b19-4d36-b51f-3be5d1b60376', 'areaCode': '000-000-000', 'startDate': '2019-11-28', 'endDate': '2019-11-28'}
2019-11-28 15:06:59,573(pid:61624,tid:133272)--INFO: 抓拍列表数据请求参数:{'token': 'c204ce94-9b19-4d36-b51f-3be5d1b60376', 'areaCode': '000-000-000', 'startDate': '2019-11-28', 'endDate': '2019-11-28'}
2019-11-28 15:06:59,582(pid:61624,tid:133272)--INFO: 标记为非客户请求参数:{'token': 'c204ce94-9b19-4d36-b51f-3be5d1b60376', 'snapId': 5219, 'vipType': 0}
2019-11-28 15:07:02,608(pid:61624,tid:133272)--INFO: 抓拍列表统计请求参数:{'token': 'c204ce94-9b19-4d36-b51f-3be5d1b60376', 'areaCode': '000-000-000', 'startDate': '2019-11-28', 'endDate': '2019-11-28'}
2019-11-28 15:07:02,636(pid:61624,tid:133272)--INFO: 登入成功...
2019-11-28 15:07:07,701(pid:61624,tid:133272)--INFO: 抓拍列表数据请求参数:{'token': 'ec4f619d-181d-478a-9a8b-5c72f4590665', 'areaCode': '000-000-000', 'startDate': '2019-11-28', 'endDate': '2019-11-28'}
2019-11-28 15:07:07,711(pid:61624,tid:133272)--INFO: 跟进信息请求参数:{'snapId': 5220, 'token': 'ec4f619d-181d-478a-9a8b-5c72f4590665', 'areaCode': '000-000-000', 'phone': '76751270479', 'personName': 'hGkC', 'imagePath': 'http://192.168.89.252:8080/upload/report/2019-11-28/1129/4e314914-7278-4454-ba5f-a1cc5b98332f.jpg', 'isTrade': 0, 'brands': ['黄金'], 'intention': '中', 'remark': '测试...', 'used': ['自己用']}
2019-11-28 15:07:13,151(pid:61624,tid:133272)--INFO: 抓拍列表数据请求参数:{'token': 'ec4f619d-181d-478a-9a8b-5c72f4590665', 'areaCode': '000-000-000', 'startDate': '2019-11-28', 'endDate': '2019-11-28'}
2019-11-28 15:07:23,183(pid:61624,tid:133272)--INFO: 抓拍列表数据请求参数:{'token': 'ec4f619d-181d-478a-9a8b-5c72f4590665', 'areaCode': '000-000-000', 'startDate': '2019-11-28', 'endDate': '2019-11-28'}
2019-11-28 15:07:28,194(pid:61624,tid:133272)--INFO: 抓拍列表数据请求参数:{'token': 'ec4f619d-181d-478a-9a8b-5c72f4590665', 'areaCode': '000-000-000', 'startDate': '2019-11-28', 'endDate': '2019-11-28'}
2019-11-28 15:07:28,211(pid:61624,tid:133272)--INFO: 跟进信息请求参数:{'snapId': 5221, 'token': 'ec4f619d-181d-478a-9a8b-5c72f4590665', 'areaCode': '000-000-000', 'phone': '82147834023', 'personName': 'Cm4N', 'imagePath': 'http://192.168.89.252:8080/upload/report/2019-11-28/1129/dac81172-26c0-4127-929e-7205f58d89da.jpg', 'isTrade': 1, 'brands': ['黄金'], 'intention': '中', 'remark': '测试...', 'used': ['自己用']}
2019-11-28 15:07:28,662(pid:61624,tid:133272)--INFO: 抓拍列表数据请求参数:{'token': 'ec4f619d-181d-478a-9a8b-5c72f4590665', 'areaCode': '000-000-000', 'startDate': '2019-11-28', 'endDate': '2019-11-28'}
2019-11-28 15:07:28,722(pid:61624,tid:133272)--INFO: 登入成功...
2019-11-28 15:07:43,812(pid:61624,tid:133272)--INFO: 抓拍列表统计请求参数:{'token': '3bc8f9be-d592-4f0c-910b-f42462a9cc7b', 'areaCode': '000-000-000', 'startDate': '2019-11-28', 'endDate': '2019-11-28'}
2019-11-28 15:07:43,842(pid:61624,tid:133272)--INFO: 抓拍列表数据请求参数:{'token': '3bc8f9be-d592-4f0c-910b-f42462a9cc7b', 'areaCode': '000-000-000', 'startDate': '2019-11-28', 'endDate': '2019-11-28', 'dataType': 1}
2019-11-28 15:07:43,848(pid:61624,tid:133272)--INFO: 关联请求参数:{'token': '3bc8f9be-d592-4f0c-910b-f42462a9cc7b', 'snapId': 5223, 'areaCode': '000-000-000', 'personName': '3txF', 'isTrade': 1, 'personCode': 0, 'phone': '85903164683', 'imageHeader': 'http://192.168.89.252:8080/upload/report/2019-11-28/1129/e257258f-f879-416e-9d63-add863d66a9e.jpg', 'imagePathList': ['http://192.168.89.252:8080/upload/report/2019-11-28/1129/fada387f-2586-4b65-9857-8996eae2fc87.jpg'], 'snapIdList': [5222]}
2019-11-28 15:07:44,708(pid:61624,tid:133272)--INFO: 抓拍列表统计请求参数:{'token': '3bc8f9be-d592-4f0c-910b-f42462a9cc7b', 'areaCode': '000-000-000', 'startDate': '2019-11-28', 'endDate': '2019-11-28'}
2019-11-28 15:07:44,716(pid:61624,tid:133272)--INFO: 我的客户列表请求参数:{'token': '3bc8f9be-d592-4f0c-910b-f42462a9cc7b', 'areaCode': '000-000-000', 'startDate': '2019-11-28', 'endDate': '2019-11-28', 'vipType': 3}
2019-11-28 15:07:44,738(pid:61624,tid:133272)--INFO: 登入成功...
2019-11-28 15:07:54,780(pid:61624,tid:133272)--INFO: 抓拍列表数据请求参数:{'token': 'd789f629-b11b-46ba-bfb5-8e57e338bcbe', 'areaCode': '000-000-000', 'startDate': '2019-11-28', 'endDate': '2019-11-28'}
2019-11-28 15:07:54,791(pid:61624,tid:133272)--INFO: 标记为非客户请求参数:{'token': 'd789f629-b11b-46ba-bfb5-8e57e338bcbe', 'snapId': 5224, 'vipType': 1}
2019-11-28 15:07:54,825(pid:61624,tid:133272)--INFO: 抓拍列表数据请求参数:{'token': 'd789f629-b11b-46ba-bfb5-8e57e338bcbe', 'areaCode': '000-000-000', 'startDate': '2019-11-28', 'endDate': '2019-11-28'}
2019-11-28 15:07:54,833(pid:61624,tid:133272)--INFO: 恢复为初次到访客户请求参数:{'snapId': 5224, 'token': 'd789f629-b11b-46ba-bfb5-8e57e338bcbe'}
2019-11-28 15:07:54,869(pid:61624,tid:133272)--INFO: 抓拍列表数据请求参数:{'token': 'd789f629-b11b-46ba-bfb5-8e57e338bcbe', 'areaCode': '000-000-000', 'startDate': '2019-11-28', 'endDate': '2019-11-28'}
2019-11-28 15:07:54,877(pid:61624,tid:133272)--INFO: 跟进信息请求参数:{'snapId': 5224, 'token': 'd789f629-b11b-46ba-bfb5-8e57e338bcbe', 'areaCode': '000-000-000', 'phone': '56573009795', 'personName': '7GNz', 'imagePath': 'http://192.168.89.252:8080/upload/report/2019-11-28/1129/508c45fc-4f88-4f24-b1d0-6e150c5f6c46.jpg', 'isTrade': 0, 'brands': ['黄金'], 'intention': '中', 'remark': '测试...', 'used': ['自己用']}
