2019-09-19 09:54:19,554(pid:1648,tid:24404)--INFO: 登入成功...
2019-09-19 10:17:23,156(pid:16112,tid:8672)--INFO: 登入成功...
2019-09-19 10:17:23,157(pid:16112,tid:8672)--INFO: 请求参数{}
2019-09-19 10:18:15,551(pid:17708,tid:14524)--INFO: 登入成功...
2019-09-19 10:18:15,551(pid:17708,tid:14524)--INFO: 请求参数{'token': '08047d0c-77e3-4937-b9a2-b7153c062a23', 'areaCode': '002-003-000', 'startDate': '2019-09-19', 'endDate': '2019-09-19'}
2019-09-19 11:46:30,202(pid:16752,tid:3908)--INFO: 登入成功...
2019-09-19 11:46:40,259(pid:16752,tid:3908)--INFO: 抓拍列表数据请求参数:{'token': '24693d43-71de-43ae-8085-7d0ecb99d086', 'areaCode': '002-003-000', 'startDate': '2019-09-19', 'endDate': '2019-09-19'}
2019-09-19 11:46:40,274(pid:16752,tid:3908)--INFO: 抓拍列表数据请求参数:{'token': '24693d43-71de-43ae-8085-7d0ecb99d086', 'areaCode': '002-003-000', 'startDate': '2019-09-19', 'endDate': '2019-09-19', 'dataType': 1}
2019-09-19 11:46:40,282(pid:16752,tid:3908)--INFO: 抓拍列表数据请求参数:{'token': '24693d43-71de-43ae-8085-7d0ecb99d086', 'areaCode': '002-003-000', 'startDate': '2019-09-19', 'endDate': '2019-09-19', 'dataType': 2}
2019-09-19 11:46:40,289(pid:16752,tid:3908)--INFO: 抓拍列表数据请求参数:{'token': '24693d43-71de-43ae-8085-7d0ecb99d086', 'areaCode': '002-003-000', 'startDate': '2019-09-19', 'endDate': '2019-09-19', 'dataType': 3}
2019-09-19 11:46:40,307(pid:16752,tid:3908)--INFO: 登入成功...
2019-09-19 11:46:50,400(pid:16752,tid:3908)--INFO: 抓拍列表数据请求参数:{'token': '5aa08bea-6ae9-4fbf-91e1-4227feb87656', 'areaCode': '002-003-000', 'startDate': '2019-09-19', 'endDate': '2019-09-19'}
2019-09-19 11:46:50,411(pid:16752,tid:3908)--INFO: 跟进信息请求参数:{'snapId': 447, 'token': '5aa08bea-6ae9-4fbf-91e1-4227feb87656', 'areaCode': '002-003-000', 'phone': '60999830252', 'personName': 'ze9g', 'imagePath': 'http://192.168.89.252:8080/upload/report/2019-09-19/0917/63972352-9bde-4da3-9893-400f6ffacb2e.jpg', 'isTrade': 0, 'brands': ['黄金'], 'intention': '中', 'remark': '测试...', 'used': ['自己用']}
2019-09-19 11:46:50,956(pid:16752,tid:3908)--INFO: 登入成功...
2019-09-19 11:46:50,957(pid:16752,tid:3908)--INFO: 抓拍列表数据请求参数:{'token': '11de1399-8294-4603-aadf-aad5704bef7b', 'areaCode': '002-003-000', 'startDate': '2019-09-19', 'endDate': '2019-09-19'}
2019-09-19 11:46:50,966(pid:16752,tid:3908)--INFO: 跟进信息请求参数:{'snapId': 447, 'token': '11de1399-8294-4603-aadf-aad5704bef7b', 'areaCode': '002-003-000', 'phone': '50178199273', 'personName': 'diFw', 'imagePath': 'http://192.168.89.252:8080/upload/report/2019-09-19/0917/63972352-9bde-4da3-9893-400f6ffacb2e.jpg', 'isTrade': 0, 'brands': ['黄金'], 'intention': '中', 'remark': '测试...', 'used': ['自己用']}
2019-09-19 11:46:51,420(pid:16752,tid:3908)--INFO: 抓拍列表数据请求参数:{'token': '11de1399-8294-4603-aadf-aad5704bef7b', 'areaCode': '002-003-000', 'startDate': '2019-09-19', 'endDate': '2019-09-19'}
2019-09-19 11:46:51,428(pid:16752,tid:3908)--INFO: 添加跟进信息请求参数:{'snapId': 447, 'token': '11de1399-8294-4603-aadf-aad5704bef7b', 'areaCode': '002-003-000', 'personName': 'diFw', 'isTrade': 1, 'brands': ['黄金', '白金', '钻石'], 'intention': '高', 'remark': '追加记录...', 'used': ['送礼', '收藏', '自用'], 'personCode': 95, 'phone': '50178199273'}
2019-09-19 11:46:51,487(pid:16752,tid:3908)--INFO: 登入成功...
2019-09-19 11:47:01,557(pid:16752,tid:3908)--INFO: 抓拍列表数据请求参数:{'token': '5ab4171e-5b57-40f2-90c7-1a04a16761c9', 'areaCode': '002-003-000', 'startDate': '2019-09-19', 'endDate': '2019-09-19'}
2019-09-19 11:47:01,588(pid:16752,tid:3908)--INFO: 跟进信息请求参数:{'snapId': 448, 'token': '5ab4171e-5b57-40f2-90c7-1a04a16761c9', 'areaCode': '002-003-000', 'phone': '20413547531', 'personName': 'GEqx', 'imagePath': 'http://192.168.89.252:8080/upload/report/2019-09-19/0917/0f72004c-6bac-4d2b-a9fb-2526e5877735.jpg', 'isTrade': 0, 'brands': ['黄金'], 'intention': '中', 'remark': '测试...', 'used': ['自己用']}
2019-09-19 11:47:02,030(pid:16752,tid:3908)--INFO: 我的客户列表请求参数:{'token': '5ab4171e-5b57-40f2-90c7-1a04a16761c9', 'areaCode': '002-003-000', 'startDate': '2019-09-19', 'endDate': '2019-09-19', 'vipType': 3}
2019-09-19 11:47:02,048(pid:16752,tid:3908)--INFO: 登入成功...
2019-09-19 11:47:02,049(pid:16752,tid:3908)--INFO: 抓拍列表数据请求参数:{'token': '38f39c45-3daa-408d-9501-69bd13505cac', 'areaCode': '002-003-000', 'startDate': '2019-09-19', 'endDate': '2019-09-19'}
2019-09-19 11:47:02,057(pid:16752,tid:3908)--INFO: 修改客户信息请求参数:{'token': '38f39c45-3daa-408d-9501-69bd13505cac', 'personCode': 96, 'phone': '84456809031', 'personName': 'Ar6t'}
2019-09-19 11:47:04,087(pid:16752,tid:3908)--INFO: 我的客户列表请求参数:{'token': '38f39c45-3daa-408d-9501-69bd13505cac', 'areaCode': '002-003-000', 'startDate': '2019-09-19', 'endDate': '2019-09-19', 'vipType': 3}
2019-09-19 11:47:04,121(pid:16752,tid:3908)--INFO: 登入成功...
2019-09-19 11:47:04,122(pid:16752,tid:3908)--INFO: 抓拍列表统计请求参数:{'token': 'a56ae710-9d2f-4a8a-9807-5023ddab8f8a', 'areaCode': '002-003-000', 'startDate': '2019-09-19', 'endDate': '2019-09-19'}
2019-09-19 11:47:04,140(pid:16752,tid:3908)--INFO: 登入成功...
2019-09-19 11:47:14,198(pid:16752,tid:3908)--INFO: 抓拍列表数据请求参数:{'token': 'd499a476-3589-474a-a2c1-41704d233438', 'areaCode': '002-003-000', 'startDate': '2019-09-19', 'endDate': '2019-09-19'}
2019-09-19 11:47:14,208(pid:16752,tid:3908)--INFO: 标记为非客户请求参数:{'token': 'd499a476-3589-474a-a2c1-41704d233438', 'snapId': 449}
2019-09-19 11:47:14,269(pid:16752,tid:3908)--INFO: 登入成功...
2019-09-19 11:47:14,270(pid:16752,tid:3908)--INFO: 店员业绩请求参数:{'areaCode': '002-003-000', 'token': '157c7f1e-baa0-4148-9463-2c5be14e5023', 'endDate': '2019-09-19', 'startDate': '2019-09-19'}
