2019-09-20 10:11:58,875(pid:27716,tid:28580)--INFO: 登入成功...
2019-09-20 10:11:58,899(pid:27716,tid:28580)--INFO: 抓拍列表数据请求参数:{'areaCode': '000-000-005'}
2019-09-20 10:11:58,993(pid:27716,tid:28580)--INFO: 抓拍列表数据请求参数:{'token': '5f693179-15f6-4c87-8757-f31e30ce9fc1'}
2019-09-20 10:11:59,516(pid:27716,tid:28580)--INFO: 登入成功...
2019-09-20 10:12:09,820(pid:27716,tid:28580)--INFO: 抓拍列表数据请求参数:{'token': 'e73c0b81-2c5f-47b5-9ce8-3fdb6d93923b', 'areaCode': '000-000-005', 'startDate': '2019-09-20', 'endDate': '2019-09-20'}
2019-09-20 10:12:09,886(pid:27716,tid:28580)--INFO: 抓拍列表数据请求参数:{'token': 'e73c0b81-2c5f-47b5-9ce8-3fdb6d93923b', 'areaCode': '000-000-005', 'startDate': '2019-09-20', 'endDate': '2019-09-20', 'dataType': 1}
2019-09-20 10:12:09,949(pid:27716,tid:28580)--INFO: 抓拍列表数据请求参数:{'token': 'e73c0b81-2c5f-47b5-9ce8-3fdb6d93923b', 'areaCode': '000-000-005', 'startDate': '2019-09-20', 'endDate': '2019-09-20', 'dataType': 2}
2019-09-20 10:12:10,009(pid:27716,tid:28580)--INFO: 抓拍列表数据请求参数:{'token': 'e73c0b81-2c5f-47b5-9ce8-3fdb6d93923b', 'areaCode': '000-000-005', 'startDate': '2019-09-20', 'endDate': '2019-09-20', 'dataType': 3}
2019-09-20 10:12:11,659(pid:27716,tid:28580)--INFO: 登入成功...
2019-09-20 10:12:21,719(pid:27716,tid:28580)--INFO: 抓拍列表数据请求参数:{'token': '5d5ebaff-a1b8-4709-ba88-4b99db280608', 'areaCode': '000-000-005', 'startDate': '2019-09-20', 'endDate': '2019-09-20'}
2019-09-20 10:12:21,762(pid:27716,tid:28580)--INFO: 跟进信息请求参数:{'snapId': 62652, 'token': '5d5ebaff-a1b8-4709-ba88-4b99db280608', 'areaCode': '000-000-005', 'phone': '30391174466', 'personName': 'Bmiw', 'imagePath': 'http://dj.reconova.com/upload_img918/report/2019-09-20/0701-1/4ec8f351-1fa3-48b8-9d45-4feb9b87736b.jpg', 'isTrade': 0, 'brands': ['黄金'], 'intention': '中', 'remark': '测试...', 'used': ['自己用']}
2019-09-20 10:12:22,600(pid:27716,tid:28580)--INFO: 登入成功...
2019-09-20 10:12:22,601(pid:27716,tid:28580)--INFO: 抓拍列表数据请求参数:{'token': '58cc1425-269f-44b5-8d43-47121c7f6d69', 'areaCode': '000-000-005', 'startDate': '2019-09-20', 'endDate': '2019-09-20'}
2019-09-20 10:12:22,642(pid:27716,tid:28580)--INFO: 跟进信息请求参数:{'snapId': 62652, 'token': '58cc1425-269f-44b5-8d43-47121c7f6d69', 'areaCode': '000-000-005', 'phone': '06141002241', 'personName': 'glWi', 'imagePath': 'http://dj.reconova.com/upload_img918/report/2019-09-20/0701-1/4ec8f351-1fa3-48b8-9d45-4feb9b87736b.jpg', 'isTrade': 0, 'brands': ['黄金'], 'intention': '中', 'remark': '测试...', 'used': ['自己用']}
2019-09-20 10:12:22,934(pid:27716,tid:28580)--INFO: 抓拍列表数据请求参数:{'token': '58cc1425-269f-44b5-8d43-47121c7f6d69', 'areaCode': '000-000-005', 'startDate': '2019-09-20', 'endDate': '2019-09-20'}
2019-09-20 10:12:22,983(pid:27716,tid:28580)--INFO: 添加跟进信息请求参数:{'snapId': 62652, 'token': '58cc1425-269f-44b5-8d43-47121c7f6d69', 'areaCode': '000-000-005', 'personName': 'glWi', 'isTrade': 1, 'brands': ['黄金', '白金', '钻石'], 'intention': '高', 'remark': '追加记录...', 'used': ['送礼', '收藏', '自用'], 'personCode': 838118, 'phone': '06141002241'}
2019-09-20 10:12:25,601(pid:27716,tid:28580)--INFO: 登入成功...
2019-09-20 10:12:35,663(pid:27716,tid:28580)--INFO: 抓拍列表数据请求参数:{'token': 'e4751708-93a9-4256-9170-d76e74788bd2', 'areaCode': '000-000-005', 'startDate': '2019-09-20', 'endDate': '2019-09-20'}
2019-09-20 10:12:35,705(pid:27716,tid:28580)--INFO: 跟进信息请求参数:{'snapId': 62653, 'token': 'e4751708-93a9-4256-9170-d76e74788bd2', 'areaCode': '000-000-005', 'phone': '45385802427', 'personName': 'JmYI', 'imagePath': 'http://dj.reconova.com/upload_img918/report/2019-09-20/0701-1/8c1b6f91-eab7-4562-b59f-0d6503a9b269.jpg', 'isTrade': 0, 'brands': ['黄金'], 'intention': '中', 'remark': '测试...', 'used': ['自己用']}
2019-09-20 10:12:36,019(pid:27716,tid:28580)--INFO: 我的客户列表请求参数:{'token': 'e4751708-93a9-4256-9170-d76e74788bd2', 'areaCode': '000-000-005', 'startDate': '2019-09-20', 'endDate': '2019-09-20', 'vipType': 3}
2019-09-20 10:12:36,514(pid:27716,tid:28580)--INFO: 登入成功...
2019-09-20 10:12:36,515(pid:27716,tid:28580)--INFO: 抓拍列表数据请求参数:{'token': '81989fec-6d22-4783-a5ed-3df3723f11b3', 'areaCode': '000-000-005', 'startDate': '2019-09-20', 'endDate': '2019-09-20'}
2019-09-20 10:12:36,557(pid:27716,tid:28580)--INFO: 修改客户信息请求参数:{'token': '81989fec-6d22-4783-a5ed-3df3723f11b3', 'personCode': 838119, 'phone': '77701312121', 'personName': 'jktd'}
2019-09-20 10:12:38,602(pid:27716,tid:28580)--INFO: 我的客户列表请求参数:{'token': '81989fec-6d22-4783-a5ed-3df3723f11b3', 'areaCode': '000-000-005', 'startDate': '2019-09-20', 'endDate': '2019-09-20', 'vipType': 3}
2019-09-20 10:12:39,452(pid:27716,tid:28580)--INFO: 登入成功...
2019-09-20 10:12:39,453(pid:27716,tid:28580)--INFO: 抓拍列表统计请求参数:{'token': 'a8ec5895-4fd2-4754-b0f8-9795e4563fe1', 'areaCode': '000-000-005', 'startDate': '2019-09-20', 'endDate': '2019-09-20'}
2019-09-20 10:12:39,691(pid:27716,tid:28580)--INFO: 登入成功...
2019-09-20 10:12:49,732(pid:27716,tid:28580)--INFO: 抓拍列表数据请求参数:{'token': '4d8808a5-5478-41cb-957e-77b9c27be08e', 'areaCode': '000-000-005', 'startDate': '2019-09-20', 'endDate': '2019-09-20'}
2019-09-20 10:12:49,776(pid:27716,tid:28580)--INFO: 标记为非客户请求参数:{'token': '4d8808a5-5478-41cb-957e-77b9c27be08e', 'snapId': 62654, 'vipType': 0}
2019-09-20 10:12:52,021(pid:27716,tid:28580)--INFO: 登入成功...
2019-09-20 10:12:52,022(pid:27716,tid:28580)--INFO: 店员业绩请求参数:{'areaCode': '000-000-005', 'token': 'cd8e5720-5c14-4385-b308-53e99a93b930', 'endDate': '2019-09-20', 'startDate': '2019-09-20'}
2019-09-20 10:12:52,762(pid:27716,tid:28580)--INFO: 登入成功...
2019-09-20 10:13:02,890(pid:27716,tid:28580)--INFO: 抓拍列表数据请求参数:{'token': 'b8bb30b4-e666-41f5-bcb9-26a2ab663a74', 'areaCode': '000-000-005', 'startDate': '2019-09-20', 'endDate': '2019-09-20'}
2019-09-20 10:13:02,927(pid:27716,tid:28580)--INFO: 跟进信息请求参数:{'snapId': 62655, 'token': 'b8bb30b4-e666-41f5-bcb9-26a2ab663a74', 'areaCode': '000-000-005', 'phone': '41435295971', 'personName': 'o1NI', 'imagePath': 'http://dj.reconova.com/upload_img918/report/2019-09-20/0701-1/a637cda5-4cb3-43ee-88af-7b38682195a0.jpg', 'isTrade': 0, 'brands': ['黄金'], 'intention': '中', 'remark': '测试...', 'used': ['自己用']}
2019-09-20 10:13:13,285(pid:27716,tid:28580)--INFO: 抓拍列表数据请求参数:{'token': 'b8bb30b4-e666-41f5-bcb9-26a2ab663a74', 'areaCode': '000-000-005', 'startDate': '2019-09-20', 'endDate': '2019-09-20'}
2019-09-20 10:13:13,333(pid:27716,tid:28580)--INFO: 跟进信息请求参数:{'snapId': 62656, 'token': 'b8bb30b4-e666-41f5-bcb9-26a2ab663a74', 'areaCode': '000-000-005', 'phone': '29486482922', 'personName': '3QMR', 'imagePath': 'http://dj.reconova.com/upload_img918/report/2019-09-20/0701-1/dac48795-5bff-4fc0-9efa-e51063f660a0.jpg', 'isTrade': 1, 'brands': ['黄金'], 'intention': '中', 'remark': '测试...', 'used': ['自己用']}
2019-09-20 10:13:21,668(pid:27716,tid:28580)--INFO: 抓拍列表数据请求参数:{'token': 'b8bb30b4-e666-41f5-bcb9-26a2ab663a74', 'areaCode': '000-000-005', 'startDate': '2019-09-20', 'endDate': '2019-09-20'}
2019-09-20 10:13:21,708(pid:27716,tid:28580)--INFO: 抓拍列表数据请求参数:{'token': 'b8bb30b4-e666-41f5-bcb9-26a2ab663a74', 'areaCode': '000-000-005', 'startDate': '2019-09-20', 'endDate': '2019-09-20', 'dataType': 1}
2019-09-20 10:13:21,763(pid:27716,tid:28580)--INFO: 抓拍列表数据请求参数:{'token': 'b8bb30b4-e666-41f5-bcb9-26a2ab663a74', 'areaCode': '000-000-005', 'startDate': '2019-09-20', 'endDate': '2019-09-20', 'dataType': 2}
2019-09-20 10:13:21,799(pid:27716,tid:28580)--INFO: 抓拍列表数据请求参数:{'token': 'b8bb30b4-e666-41f5-bcb9-26a2ab663a74', 'areaCode': '000-000-005', 'startDate': '2019-09-20', 'endDate': '2019-09-20', 'dataType': 3}
2019-09-20 10:13:22,328(pid:27716,tid:28580)--INFO: 登入成功...
2019-09-20 10:13:32,390(pid:27716,tid:28580)--INFO: 抓拍列表统计请求参数:{'token': '864e75ba-16ac-458b-9e03-9511ef7497b0', 'areaCode': '000-000-005', 'startDate': '2019-09-20', 'endDate': '2019-09-20'}
2019-09-20 10:13:32,435(pid:27716,tid:28580)--INFO: 抓拍列表数据请求参数:{'token': '864e75ba-16ac-458b-9e03-9511ef7497b0', 'areaCode': '000-000-005', 'startDate': '2019-09-20', 'endDate': '2019-09-20'}
2019-09-20 10:13:32,481(pid:27716,tid:28580)--INFO: 标记为非客户请求参数:{'token': '864e75ba-16ac-458b-9e03-9511ef7497b0', 'snapId': 62658, 'vipType': 0}
2019-09-20 10:13:32,524(pid:27716,tid:28580)--INFO: 抓拍列表统计请求参数:{'token': '864e75ba-16ac-458b-9e03-9511ef7497b0', 'areaCode': '000-000-005', 'startDate': '2019-09-20', 'endDate': '2019-09-20'}
2019-09-20 10:13:32,729(pid:27716,tid:28580)--INFO: 登入成功...
2019-09-20 10:13:37,789(pid:27716,tid:28580)--INFO: 抓拍列表数据请求参数:{'token': 'b94d038a-19b6-4721-8aa6-960eb147428a', 'areaCode': '000-000-005', 'startDate': '2019-09-20', 'endDate': '2019-09-20'}
2019-09-20 10:13:37,835(pid:27716,tid:28580)--INFO: 跟进信息请求参数:{'snapId': 62659, 'token': 'b94d038a-19b6-4721-8aa6-960eb147428a', 'areaCode': '000-000-005', 'phone': '09573471828', 'personName': 'fUKB', 'imagePath': 'http://dj.reconova.com/upload_img918/report/2019-09-20/0701-1/66c78287-4ff9-48ac-b4b5-963d316dd3af.jpg', 'isTrade': 0, 'brands': ['黄金'], 'intention': '中', 'remark': '测试...', 'used': ['自己用']}
2019-09-20 10:13:43,133(pid:27716,tid:28580)--INFO: 抓拍列表数据请求参数:{'token': 'b94d038a-19b6-4721-8aa6-960eb147428a', 'areaCode': '000-000-005', 'startDate': '2019-09-20', 'endDate': '2019-09-20'}
2019-09-20 10:13:53,184(pid:27716,tid:28580)--INFO: 抓拍列表数据请求参数:{'token': 'b94d038a-19b6-4721-8aa6-960eb147428a', 'areaCode': '000-000-005', 'startDate': '2019-09-20', 'endDate': '2019-09-20'}
2019-09-20 10:13:58,227(pid:27716,tid:28580)--INFO: 抓拍列表数据请求参数:{'token': 'b94d038a-19b6-4721-8aa6-960eb147428a', 'areaCode': '000-000-005', 'startDate': '2019-09-20', 'endDate': '2019-09-20'}
2019-09-20 10:13:58,270(pid:27716,tid:28580)--INFO: 跟进信息请求参数:{'snapId': 62660, 'token': 'b94d038a-19b6-4721-8aa6-960eb147428a', 'areaCode': '000-000-005', 'phone': '82017467848', 'personName': '0jdz', 'imagePath': 'http://dj.reconova.com/upload_img918/report/2019-09-20/0701-1/273585e8-ecf1-497c-a1f5-a2adc2cba3b9.jpg', 'isTrade': 1, 'brands': ['黄金'], 'intention': '中', 'remark': '测试...', 'used': ['自己用']}
2019-09-20 10:13:58,566(pid:27716,tid:28580)--INFO: 抓拍列表数据请求参数:{'token': 'b94d038a-19b6-4721-8aa6-960eb147428a', 'areaCode': '000-000-005', 'startDate': '2019-09-20', 'endDate': '2019-09-20'}
2019-09-20 10:13:58,729(pid:27716,tid:28580)--INFO: 登入成功...
2019-09-20 10:14:13,828(pid:27716,tid:28580)--INFO: 抓拍列表统计请求参数:{'token': 'b5f1ec3d-529b-4f25-9013-ebffb2c531ca', 'areaCode': '000-000-005', 'startDate': '2019-09-20', 'endDate': '2019-09-20'}
2019-09-20 10:14:13,880(pid:27716,tid:28580)--INFO: 抓拍列表数据请求参数:{'token': 'b5f1ec3d-529b-4f25-9013-ebffb2c531ca', 'areaCode': '000-000-005', 'startDate': '2019-09-20', 'endDate': '2019-09-20', 'dataType': 1}
2019-09-20 10:14:13,923(pid:27716,tid:28580)--INFO: 关联请求参数:{'token': 'b5f1ec3d-529b-4f25-9013-ebffb2c531ca', 'snapId': 62662, 'areaCode': '000-000-005', 'personName': 'flXu', 'isTrade': 1, 'personCode': 0, 'phone': '27840300874', 'imageHeader': 'http://dj.reconova.com/upload_img918/report/2019-09-20/0701-1/210b7330-c495-44a3-bada-db7e28b33cf6.jpg', 'imagePathList': ['http://dj.reconova.com/upload_img918/report/2019-09-20/0701-1/3033b111-6300-4a01-9c3f-59dd4c34e597.jpg'], 'snapIdList': [62661]}
2019-09-20 10:14:14,529(pid:27716,tid:28580)--INFO: 抓拍列表统计请求参数:{'token': 'b5f1ec3d-529b-4f25-9013-ebffb2c531ca', 'areaCode': '000-000-005', 'startDate': '2019-09-20', 'endDate': '2019-09-20'}
2019-09-20 10:14:14,571(pid:27716,tid:28580)--INFO: 我的客户列表请求参数:{'token': 'b5f1ec3d-529b-4f25-9013-ebffb2c531ca', 'areaCode': '000-000-005', 'startDate': '2019-09-20', 'endDate': '2019-09-20', 'vipType': 3}
2019-09-20 10:14:14,702(pid:27716,tid:28580)--INFO: 登入成功...
2019-09-20 10:14:24,758(pid:27716,tid:28580)--INFO: 抓拍列表数据请求参数:{'token': '43428ac7-b405-48bf-bbd9-46005cd29eef', 'areaCode': '000-000-005', 'startDate': '2019-09-20', 'endDate': '2019-09-20'}
2019-09-20 10:14:24,799(pid:27716,tid:28580)--INFO: 标记为非客户请求参数:{'token': '43428ac7-b405-48bf-bbd9-46005cd29eef', 'snapId': 62663, 'vipType': 1}
2019-09-20 10:14:24,843(pid:27716,tid:28580)--INFO: 抓拍列表数据请求参数:{'token': '43428ac7-b405-48bf-bbd9-46005cd29eef', 'areaCode': '000-000-005', 'startDate': '2019-09-20', 'endDate': '2019-09-20'}
2019-09-20 10:14:24,887(pid:27716,tid:28580)--INFO: 恢复为初次到访客户请求参数:{'snapId': 62663, 'token': '43428ac7-b405-48bf-bbd9-46005cd29eef'}
2019-09-20 10:14:24,933(pid:27716,tid:28580)--INFO: 抓拍列表数据请求参数:{'token': '43428ac7-b405-48bf-bbd9-46005cd29eef', 'areaCode': '000-000-005', 'startDate': '2019-09-20', 'endDate': '2019-09-20'}
2019-09-20 10:14:24,976(pid:27716,tid:28580)--INFO: 跟进信息请求参数:{'snapId': 62663, 'token': '43428ac7-b405-48bf-bbd9-46005cd29eef', 'areaCode': '000-000-005', 'phone': '07272241317', 'personName': 'E603', 'imagePath': 'http://dj.reconova.com/upload_img918/report/2019-09-20/0701-1/046b64b8-8a8b-43ac-b2b9-b2b721470000.jpg', 'isTrade': 0, 'brands': ['黄金'], 'intention': '中', 'remark': '测试...', 'used': ['自己用']}
2019-09-20 10:52:43,180(pid:27420,tid:7240)--INFO: 登入成功...
2019-09-20 10:52:43,182(pid:27420,tid:7240)--INFO: 抓拍列表数据请求参数:{'areaCode': '000-000-005'}
2019-09-20 10:52:43,224(pid:27420,tid:7240)--INFO: 抓拍列表数据请求参数:{'token': '71c85547-cc60-4715-885e-7923dd48cb2b'}
2019-09-20 10:52:43,536(pid:27420,tid:7240)--INFO: 登入成功...
2019-09-20 10:52:53,652(pid:27420,tid:7240)--INFO: 抓拍列表数据请求参数:{'token': 'db8c78d3-1fd2-4c1f-99d5-743ffbb8e040', 'areaCode': '000-000-005', 'startDate': '2019-09-20', 'endDate': '2019-09-20'}
2019-09-20 10:52:53,741(pid:27420,tid:7240)--INFO: 抓拍列表数据请求参数:{'token': 'db8c78d3-1fd2-4c1f-99d5-743ffbb8e040', 'areaCode': '000-000-005', 'startDate': '2019-09-20', 'endDate': '2019-09-20', 'dataType': 1}
2019-09-20 10:52:53,797(pid:27420,tid:7240)--INFO: 抓拍列表数据请求参数:{'token': 'db8c78d3-1fd2-4c1f-99d5-743ffbb8e040', 'areaCode': '000-000-005', 'startDate': '2019-09-20', 'endDate': '2019-09-20', 'dataType': 2}
2019-09-20 10:52:53,843(pid:27420,tid:7240)--INFO: 抓拍列表数据请求参数:{'token': 'db8c78d3-1fd2-4c1f-99d5-743ffbb8e040', 'areaCode': '000-000-005', 'startDate': '2019-09-20', 'endDate': '2019-09-20', 'dataType': 3}
2019-09-20 10:52:56,141(pid:27420,tid:7240)--INFO: 登入成功...
2019-09-20 10:53:06,240(pid:27420,tid:7240)--INFO: 抓拍列表数据请求参数:{'token': 'f9fe50ba-7e80-46f9-bb68-bf0acad6b71f', 'areaCode': '000-000-005', 'startDate': '2019-09-20', 'endDate': '2019-09-20'}
2019-09-20 10:53:06,283(pid:27420,tid:7240)--INFO: 跟进信息请求参数:{'snapId': 62694, 'token': 'f9fe50ba-7e80-46f9-bb68-bf0acad6b71f', 'areaCode': '000-000-005', 'phone': '48277562697', 'personName': 'TEe3', 'imagePath': 'http://dj.reconova.com/upload_img918/report/2019-09-20/0701-1/8639bc54-d890-4e07-a6c7-42b94b9472d3.jpg', 'isTrade': 0, 'brands': ['黄金'], 'intention': '中', 'remark': '测试...', 'used': ['自己用']}
2019-09-20 10:53:06,692(pid:27420,tid:7240)--INFO: 登入成功...
2019-09-20 10:53:06,692(pid:27420,tid:7240)--INFO: 抓拍列表数据请求参数:{'token': '4b96b9ce-4e54-42fb-8f30-e58f9b749a54', 'areaCode': '000-000-005', 'startDate': '2019-09-20', 'endDate': '2019-09-20'}
2019-09-20 10:53:06,735(pid:27420,tid:7240)--INFO: 跟进信息请求参数:{'snapId': 62694, 'token': '4b96b9ce-4e54-42fb-8f30-e58f9b749a54', 'areaCode': '000-000-005', 'phone': '51091797294', 'personName': 'An4D', 'imagePath': 'http://dj.reconova.com/upload_img918/report/2019-09-20/0701-1/8639bc54-d890-4e07-a6c7-42b94b9472d3.jpg', 'isTrade': 0, 'brands': ['黄金'], 'intention': '中', 'remark': '测试...', 'used': ['自己用']}
2019-09-20 10:53:07,145(pid:27420,tid:7240)--INFO: 抓拍列表数据请求参数:{'token': '4b96b9ce-4e54-42fb-8f30-e58f9b749a54', 'areaCode': '000-000-005', 'startDate': '2019-09-20', 'endDate': '2019-09-20'}
2019-09-20 10:53:07,190(pid:27420,tid:7240)--INFO: 添加跟进信息请求参数:{'snapId': 62694, 'token': '4b96b9ce-4e54-42fb-8f30-e58f9b749a54', 'areaCode': '000-000-005', 'personName': 'An4D', 'isTrade': 1, 'brands': ['黄金', '白金', '钻石'], 'intention': '高', 'remark': '追加记录...', 'used': ['送礼', '收藏', '自用'], 'personCode': 838145, 'phone': '51091797294'}
2019-09-20 10:53:07,333(pid:27420,tid:7240)--INFO: 登入成功...
2019-09-20 10:53:17,425(pid:27420,tid:7240)--INFO: 抓拍列表数据请求参数:{'token': 'd643c742-a06f-412a-90ab-7a935e2b9862', 'areaCode': '000-000-005', 'startDate': '2019-09-20', 'endDate': '2019-09-20'}
2019-09-20 10:53:17,479(pid:27420,tid:7240)--INFO: 跟进信息请求参数:{'snapId': 62695, 'token': 'd643c742-a06f-412a-90ab-7a935e2b9862', 'areaCode': '000-000-005', 'phone': '39000581885', 'personName': 'NDgE', 'imagePath': 'http://dj.reconova.com/upload_img918/report/2019-09-20/0701-1/6c59e33a-ab40-4b67-86b4-981e67062835.jpg', 'isTrade': 0, 'brands': ['黄金'], 'intention': '中', 'remark': '测试...', 'used': ['自己用']}
2019-09-20 10:53:17,780(pid:27420,tid:7240)--INFO: 我的客户列表请求参数:{'token': 'd643c742-a06f-412a-90ab-7a935e2b9862', 'areaCode': '000-000-005', 'startDate': '2019-09-20', 'endDate': '2019-09-20', 'vipType': 3}
2019-09-20 10:53:17,926(pid:27420,tid:7240)--INFO: 登入成功...
2019-09-20 10:53:17,926(pid:27420,tid:7240)--INFO: 抓拍列表数据请求参数:{'token': '482475e4-7400-4b9c-b393-1bc510495124', 'areaCode': '000-000-005', 'startDate': '2019-09-20', 'endDate': '2019-09-20'}
2019-09-20 10:53:17,966(pid:27420,tid:7240)--INFO: 修改客户信息请求参数:{'token': '482475e4-7400-4b9c-b393-1bc510495124', 'personCode': 838146, 'phone': '78134482750', 'personName': 'tFb6'}
2019-09-20 10:53:20,007(pid:27420,tid:7240)--INFO: 我的客户列表请求参数:{'token': '482475e4-7400-4b9c-b393-1bc510495124', 'areaCode': '000-000-005', 'startDate': '2019-09-20', 'endDate': '2019-09-20', 'vipType': 3}
2019-09-20 10:53:20,150(pid:27420,tid:7240)--INFO: 登入成功...
2019-09-20 10:53:20,150(pid:27420,tid:7240)--INFO: 抓拍列表统计请求参数:{'token': '640f98f7-7718-42fb-9ec7-25342c3fb615', 'areaCode': '000-000-005', 'startDate': '2019-09-20', 'endDate': '2019-09-20'}
2019-09-20 10:53:20,297(pid:27420,tid:7240)--INFO: 登入成功...
2019-09-20 10:53:30,397(pid:27420,tid:7240)--INFO: 抓拍列表数据请求参数:{'token': '86574201-e6d0-430a-b33f-c765b03c5bf0', 'areaCode': '000-000-005', 'startDate': '2019-09-20', 'endDate': '2019-09-20'}
2019-09-20 10:53:30,443(pid:27420,tid:7240)--INFO: 标记为非客户请求参数:{'token': '86574201-e6d0-430a-b33f-c765b03c5bf0', 'snapId': 62697, 'vipType': 0}
2019-09-20 10:53:30,801(pid:27420,tid:7240)--INFO: 登入成功...
2019-09-20 10:53:30,801(pid:27420,tid:7240)--INFO: 店员业绩请求参数:{'areaCode': '000-000-005', 'token': 'f9ece208-24f5-429d-b6e1-5dc2fb09b7d9', 'endDate': '2019-09-20', 'startDate': '2019-09-20'}
2019-09-20 10:53:31,144(pid:27420,tid:7240)--INFO: 登入成功...
2019-09-20 10:53:41,252(pid:27420,tid:7240)--INFO: 抓拍列表数据请求参数:{'token': 'f7dddb1e-8f56-403f-a502-6c679c04dd22', 'areaCode': '000-000-005', 'startDate': '2019-09-20', 'endDate': '2019-09-20'}
2019-09-20 10:53:41,297(pid:27420,tid:7240)--INFO: 跟进信息请求参数:{'snapId': 62699, 'token': 'f7dddb1e-8f56-403f-a502-6c679c04dd22', 'areaCode': '000-000-005', 'phone': '73370329393', 'personName': 'iLmX', 'imagePath': 'http://dj.reconova.com/upload_img918/report/2019-09-20/0701-1/8bd04429-f140-4c44-aee6-903dd41adde7.jpg', 'isTrade': 0, 'brands': ['黄金'], 'intention': '中', 'remark': '测试...', 'used': ['自己用']}
2019-09-20 10:53:51,735(pid:27420,tid:7240)--INFO: 抓拍列表数据请求参数:{'token': 'f7dddb1e-8f56-403f-a502-6c679c04dd22', 'areaCode': '000-000-005', 'startDate': '2019-09-20', 'endDate': '2019-09-20'}
2019-09-20 10:53:51,807(pid:27420,tid:7240)--INFO: 跟进信息请求参数:{'snapId': 62700, 'token': 'f7dddb1e-8f56-403f-a502-6c679c04dd22', 'areaCode': '000-000-005', 'phone': '40942955513', 'personName': 'S7DA', 'imagePath': 'http://dj.reconova.com/upload_img918/report/2019-09-20/0701-1/c41f57b4-4b2d-48e2-a3af-d01b366490a9.jpg', 'isTrade': 1, 'brands': ['黄金'], 'intention': '中', 'remark': '测试...', 'used': ['自己用']}
2019-09-20 10:54:00,291(pid:27420,tid:7240)--INFO: 抓拍列表数据请求参数:{'token': 'f7dddb1e-8f56-403f-a502-6c679c04dd22', 'areaCode': '000-000-005', 'startDate': '2019-09-20', 'endDate': '2019-09-20'}
2019-09-20 10:54:00,340(pid:27420,tid:7240)--INFO: 抓拍列表数据请求参数:{'token': 'f7dddb1e-8f56-403f-a502-6c679c04dd22', 'areaCode': '000-000-005', 'startDate': '2019-09-20', 'endDate': '2019-09-20', 'dataType': 1}
2019-09-20 10:54:00,404(pid:27420,tid:7240)--INFO: 抓拍列表数据请求参数:{'token': 'f7dddb1e-8f56-403f-a502-6c679c04dd22', 'areaCode': '000-000-005', 'startDate': '2019-09-20', 'endDate': '2019-09-20', 'dataType': 2}
2019-09-20 10:54:00,451(pid:27420,tid:7240)--INFO: 抓拍列表数据请求参数:{'token': 'f7dddb1e-8f56-403f-a502-6c679c04dd22', 'areaCode': '000-000-005', 'startDate': '2019-09-20', 'endDate': '2019-09-20', 'dataType': 3}
2019-09-20 10:54:01,229(pid:27420,tid:7240)--INFO: 登入成功...
2019-09-20 10:54:11,381(pid:27420,tid:7240)--INFO: 抓拍列表统计请求参数:{'token': '605c7c1e-90d8-4a17-b058-50229f95cffa', 'areaCode': '000-000-005', 'startDate': '2019-09-20', 'endDate': '2019-09-20'}
2019-09-20 10:54:11,424(pid:27420,tid:7240)--INFO: 抓拍列表数据请求参数:{'token': '605c7c1e-90d8-4a17-b058-50229f95cffa', 'areaCode': '000-000-005', 'startDate': '2019-09-20', 'endDate': '2019-09-20'}
2019-09-20 10:54:11,465(pid:27420,tid:7240)--INFO: 标记为非客户请求参数:{'token': '605c7c1e-90d8-4a17-b058-50229f95cffa', 'snapId': 62702, 'vipType': 0}
2019-09-20 10:54:14,508(pid:27420,tid:7240)--INFO: 抓拍列表统计请求参数:{'token': '605c7c1e-90d8-4a17-b058-50229f95cffa', 'areaCode': '000-000-005', 'startDate': '2019-09-20', 'endDate': '2019-09-20'}
2019-09-20 10:54:15,574(pid:27420,tid:7240)--INFO: 登入成功...
2019-09-20 10:54:20,663(pid:27420,tid:7240)--INFO: 抓拍列表数据请求参数:{'token': '54807e55-e447-48f4-b852-6408fb243515', 'areaCode': '000-000-005', 'startDate': '2019-09-20', 'endDate': '2019-09-20'}
2019-09-20 10:54:21,754(pid:27420,tid:7240)--INFO: 跟进信息请求参数:{'snapId': 62703, 'token': '54807e55-e447-48f4-b852-6408fb243515', 'areaCode': '000-000-005', 'phone': '78638000595', 'personName': '1tQY', 'imagePath': 'http://dj.reconova.com/upload_img918/report/2019-09-20/0701-1/906f9cad-e9e0-4509-97e1-5dc20b7b1a94.jpg', 'isTrade': 0, 'brands': ['黄金'], 'intention': '中', 'remark': '测试...', 'used': ['自己用']}
2019-09-20 10:54:27,054(pid:27420,tid:7240)--INFO: 抓拍列表数据请求参数:{'token': '54807e55-e447-48f4-b852-6408fb243515', 'areaCode': '000-000-005', 'startDate': '2019-09-20', 'endDate': '2019-09-20'}
2019-09-20 10:54:37,130(pid:27420,tid:7240)--INFO: 抓拍列表数据请求参数:{'token': '54807e55-e447-48f4-b852-6408fb243515', 'areaCode': '000-000-005', 'startDate': '2019-09-20', 'endDate': '2019-09-20'}
2019-09-20 10:54:42,173(pid:27420,tid:7240)--INFO: 抓拍列表数据请求参数:{'token': '54807e55-e447-48f4-b852-6408fb243515', 'areaCode': '000-000-005', 'startDate': '2019-09-20', 'endDate': '2019-09-20'}
2019-09-20 10:54:42,214(pid:27420,tid:7240)--INFO: 跟进信息请求参数:{'snapId': 62704, 'token': '54807e55-e447-48f4-b852-6408fb243515', 'areaCode': '000-000-005', 'phone': '31950026019', 'personName': 'MZix', 'imagePath': 'http://dj.reconova.com/upload_img918/report/2019-09-20/0701-1/138e8aa3-a2df-40c9-abf7-728ef47a9e16.jpg', 'isTrade': 1, 'brands': ['黄金'], 'intention': '中', 'remark': '测试...', 'used': ['自己用']}
2019-09-20 10:54:42,511(pid:27420,tid:7240)--INFO: 抓拍列表数据请求参数:{'token': '54807e55-e447-48f4-b852-6408fb243515', 'areaCode': '000-000-005', 'startDate': '2019-09-20', 'endDate': '2019-09-20'}
2019-09-20 10:54:46,132(pid:27420,tid:7240)--INFO: 登入成功...
2019-09-20 10:55:01,313(pid:27420,tid:7240)--INFO: 抓拍列表统计请求参数:{'token': 'e1b343fb-4e63-4f43-acf9-e66e500e09cd', 'areaCode': '000-000-005', 'startDate': '2019-09-20', 'endDate': '2019-09-20'}
2019-09-20 10:55:01,356(pid:27420,tid:7240)--INFO: 抓拍列表数据请求参数:{'token': 'e1b343fb-4e63-4f43-acf9-e66e500e09cd', 'areaCode': '000-000-005', 'startDate': '2019-09-20', 'endDate': '2019-09-20', 'dataType': 1}
2019-09-20 10:55:01,398(pid:27420,tid:7240)--INFO: 关联请求参数:{'token': 'e1b343fb-4e63-4f43-acf9-e66e500e09cd', 'snapId': 62706, 'areaCode': '000-000-005', 'personName': 'RMtz', 'isTrade': 1, 'personCode': 0, 'phone': '03423629623', 'imageHeader': 'http://dj.reconova.com/upload_img918/report/2019-09-20/0701-1/d4c30237-100e-46b8-90d4-179e48cf5032.jpg', 'imagePathList': ['http://dj.reconova.com/upload_img918/report/2019-09-20/0701-1/96d758c2-e415-428b-8d06-a5691d999308.jpg'], 'snapIdList': [62705]}
2019-09-20 10:55:01,944(pid:27420,tid:7240)--INFO: 抓拍列表统计请求参数:{'token': 'e1b343fb-4e63-4f43-acf9-e66e500e09cd', 'areaCode': '000-000-005', 'startDate': '2019-09-20', 'endDate': '2019-09-20'}
2019-09-20 10:55:01,987(pid:27420,tid:7240)--INFO: 我的客户列表请求参数:{'token': 'e1b343fb-4e63-4f43-acf9-e66e500e09cd', 'areaCode': '000-000-005', 'startDate': '2019-09-20', 'endDate': '2019-09-20', 'vipType': 3}
2019-09-20 10:55:02,120(pid:27420,tid:7240)--INFO: 登入成功...
2019-09-20 10:55:12,209(pid:27420,tid:7240)--INFO: 抓拍列表数据请求参数:{'token': '7fc36314-3e7f-40ad-bd52-ebb60285b656', 'areaCode': '000-000-005', 'startDate': '2019-09-20', 'endDate': '2019-09-20'}
2019-09-20 10:55:12,259(pid:27420,tid:7240)--INFO: 标记为非客户请求参数:{'token': '7fc36314-3e7f-40ad-bd52-ebb60285b656', 'snapId': 62707, 'vipType': 1}
2019-09-20 10:55:12,301(pid:27420,tid:7240)--INFO: 抓拍列表数据请求参数:{'token': '7fc36314-3e7f-40ad-bd52-ebb60285b656', 'areaCode': '000-000-005', 'startDate': '2019-09-20', 'endDate': '2019-09-20'}
2019-09-20 10:55:12,342(pid:27420,tid:7240)--INFO: 恢复为初次到访客户请求参数:{'snapId': 62707, 'token': '7fc36314-3e7f-40ad-bd52-ebb60285b656'}
2019-09-20 10:55:12,401(pid:27420,tid:7240)--INFO: 抓拍列表数据请求参数:{'token': '7fc36314-3e7f-40ad-bd52-ebb60285b656', 'areaCode': '000-000-005', 'startDate': '2019-09-20', 'endDate': '2019-09-20'}
2019-09-20 10:55:12,445(pid:27420,tid:7240)--INFO: 跟进信息请求参数:{'snapId': 62707, 'token': '7fc36314-3e7f-40ad-bd52-ebb60285b656', 'areaCode': '000-000-005', 'phone': '15031369672', 'personName': 'yd2H', 'imagePath': 'http://dj.reconova.com/upload_img918/report/2019-09-20/0701-1/fa92ab6d-2479-4f39-837d-50ffcc4bcce4.jpg', 'isTrade': 0, 'brands': ['黄金'], 'intention': '中', 'remark': '测试...', 'used': ['自己用']}
2019-09-20 10:55:30,194(pid:29248,tid:20204)--INFO: 登入成功...
2019-09-20 10:55:30,195(pid:29248,tid:20204)--INFO: 抓拍列表数据请求参数:{'areaCode': '002-003-000'}
2019-09-20 10:55:30,202(pid:29248,tid:20204)--INFO: 抓拍列表数据请求参数:{'token': '67b1214c-37a8-4722-91e0-8914ca629835'}
2019-09-20 10:55:30,290(pid:29248,tid:20204)--INFO: 登入成功...
2019-09-20 10:55:40,650(pid:29248,tid:20204)--INFO: 抓拍列表数据请求参数:{'token': '8f9f80bf-59e4-414e-b6c9-0de54104cb7f', 'areaCode': '002-003-000', 'startDate': '2019-09-20', 'endDate': '2019-09-20'}
2019-09-20 10:55:40,662(pid:29248,tid:20204)--INFO: 抓拍列表数据请求参数:{'token': '8f9f80bf-59e4-414e-b6c9-0de54104cb7f', 'areaCode': '002-003-000', 'startDate': '2019-09-20', 'endDate': '2019-09-20', 'dataType': 1}
2019-09-20 10:55:40,669(pid:29248,tid:20204)--INFO: 抓拍列表数据请求参数:{'token': '8f9f80bf-59e4-414e-b6c9-0de54104cb7f', 'areaCode': '002-003-000', 'startDate': '2019-09-20', 'endDate': '2019-09-20', 'dataType': 2}
2019-09-20 10:55:40,675(pid:29248,tid:20204)--INFO: 抓拍列表数据请求参数:{'token': '8f9f80bf-59e4-414e-b6c9-0de54104cb7f', 'areaCode': '002-003-000', 'startDate': '2019-09-20', 'endDate': '2019-09-20', 'dataType': 3}
2019-09-20 10:55:40,696(pid:29248,tid:20204)--INFO: 登入成功...
2019-09-20 10:55:50,753(pid:29248,tid:20204)--INFO: 抓拍列表数据请求参数:{'token': '9886f17e-2f2a-403b-8f6c-0ae8094b42f8', 'areaCode': '002-003-000', 'startDate': '2019-09-20', 'endDate': '2019-09-20'}
2019-09-20 10:55:50,762(pid:29248,tid:20204)--INFO: 跟进信息请求参数:{'snapId': 745, 'token': '9886f17e-2f2a-403b-8f6c-0ae8094b42f8', 'areaCode': '002-003-000', 'phone': '53722528062', 'personName': '2ixM', 'imagePath': 'http://192.168.89.252:8080/upload/report/2019-09-20/0917/a81e6e8b-9ba5-40dc-85d2-b493414603ca.jpg', 'isTrade': 0, 'brands': ['黄金'], 'intention': '中', 'remark': '测试...', 'used': ['自己用']}
2019-09-20 10:55:51,106(pid:29248,tid:20204)--INFO: 登入成功...
2019-09-20 10:55:51,107(pid:29248,tid:20204)--INFO: 抓拍列表数据请求参数:{'token': 'c1f7d141-717c-496b-9579-f0aeb223de00', 'areaCode': '002-003-000', 'startDate': '2019-09-20', 'endDate': '2019-09-20'}
2019-09-20 10:55:51,113(pid:29248,tid:20204)--INFO: 跟进信息请求参数:{'snapId': 745, 'token': 'c1f7d141-717c-496b-9579-f0aeb223de00', 'areaCode': '002-003-000', 'phone': '48746357744', 'personName': 'GC6V', 'imagePath': 'http://192.168.89.252:8080/upload/report/2019-09-20/0917/a81e6e8b-9ba5-40dc-85d2-b493414603ca.jpg', 'isTrade': 0, 'brands': ['黄金'], 'intention': '中', 'remark': '测试...', 'used': ['自己用']}
2019-09-20 10:55:51,444(pid:29248,tid:20204)--INFO: 抓拍列表数据请求参数:{'token': 'c1f7d141-717c-496b-9579-f0aeb223de00', 'areaCode': '002-003-000', 'startDate': '2019-09-20', 'endDate': '2019-09-20'}
2019-09-20 10:55:51,453(pid:29248,tid:20204)--INFO: 添加跟进信息请求参数:{'snapId': 745, 'token': 'c1f7d141-717c-496b-9579-f0aeb223de00', 'areaCode': '002-003-000', 'personName': 'GC6V', 'isTrade': 1, 'brands': ['黄金', '白金', '钻石'], 'intention': '高', 'remark': '追加记录...', 'used': ['送礼', '收藏', '自用'], 'personCode': 107, 'phone': '48746357744'}
2019-09-20 10:55:51,495(pid:29248,tid:20204)--INFO: 登入成功...
2019-09-20 10:56:01,557(pid:29248,tid:20204)--INFO: 抓拍列表数据请求参数:{'token': '474c09c2-8485-44e5-9fcd-8a2aa8c6a79e', 'areaCode': '002-003-000', 'startDate': '2019-09-20', 'endDate': '2019-09-20'}
2019-09-20 10:56:01,591(pid:29248,tid:20204)--INFO: 跟进信息请求参数:{'snapId': 746, 'token': '474c09c2-8485-44e5-9fcd-8a2aa8c6a79e', 'areaCode': '002-003-000', 'phone': '51400376320', 'personName': 'Q98p', 'imagePath': 'http://192.168.89.252:8080/upload/report/2019-09-20/0917/3975d9c0-510d-43b4-9442-e1cd80994ff8.jpg', 'isTrade': 0, 'brands': ['黄金'], 'intention': '中', 'remark': '测试...', 'used': ['自己用']}
2019-09-20 10:56:01,971(pid:29248,tid:20204)--INFO: 我的客户列表请求参数:{'token': '474c09c2-8485-44e5-9fcd-8a2aa8c6a79e', 'areaCode': '002-003-000', 'startDate': '2019-09-20', 'endDate': '2019-09-20', 'vipType': 3}
2019-09-20 10:56:02,001(pid:29248,tid:20204)--INFO: 登入成功...
2019-09-20 10:56:02,002(pid:29248,tid:20204)--INFO: 抓拍列表数据请求参数:{'token': '7fb02d41-0b1c-4340-bed7-1cc03fed31db', 'areaCode': '002-003-000', 'startDate': '2019-09-20', 'endDate': '2019-09-20'}
2019-09-20 10:56:02,007(pid:29248,tid:20204)--INFO: 修改客户信息请求参数:{'token': '7fb02d41-0b1c-4340-bed7-1cc03fed31db', 'personCode': 108, 'phone': '25097438722', 'personName': 'EHK5'}
2019-09-20 10:56:04,022(pid:29248,tid:20204)--INFO: 我的客户列表请求参数:{'token': '7fb02d41-0b1c-4340-bed7-1cc03fed31db', 'areaCode': '002-003-000', 'startDate': '2019-09-20', 'endDate': '2019-09-20', 'vipType': 3}
2019-09-20 10:56:04,070(pid:29248,tid:20204)--INFO: 登入成功...
2019-09-20 10:56:04,070(pid:29248,tid:20204)--INFO: 抓拍列表统计请求参数:{'token': '4e4a5913-3284-4a9d-92a3-d41dce23b29d', 'areaCode': '002-003-000', 'startDate': '2019-09-20', 'endDate': '2019-09-20'}
2019-09-20 10:56:04,091(pid:29248,tid:20204)--INFO: 登入成功...
2019-09-20 10:56:14,155(pid:29248,tid:20204)--INFO: 抓拍列表数据请求参数:{'token': 'd183400c-81fc-4f95-8935-b8f8eb397a5a', 'areaCode': '002-003-000', 'startDate': '2019-09-20', 'endDate': '2019-09-20'}
2019-09-20 10:56:14,164(pid:29248,tid:20204)--INFO: 标记为非客户请求参数:{'token': 'd183400c-81fc-4f95-8935-b8f8eb397a5a', 'snapId': 748, 'vipType': 0}
2019-09-20 10:56:14,219(pid:29248,tid:20204)--INFO: 登入成功...
2019-09-20 10:56:14,220(pid:29248,tid:20204)--INFO: 店员业绩请求参数:{'areaCode': '002-003-000', 'token': '2defc148-4f6b-4f20-9ced-d8fe5d8d5678', 'endDate': '2019-09-20', 'startDate': '2019-09-20'}
2019-09-20 10:56:14,284(pid:29248,tid:20204)--INFO: 登入成功...
2019-09-20 10:56:24,335(pid:29248,tid:20204)--INFO: 抓拍列表数据请求参数:{'token': '6379dc84-15e7-4261-80dc-25f7906f2dd3', 'areaCode': '002-003-000', 'startDate': '2019-09-20', 'endDate': '2019-09-20'}
2019-09-20 10:56:24,343(pid:29248,tid:20204)--INFO: 跟进信息请求参数:{'snapId': 749, 'token': '6379dc84-15e7-4261-80dc-25f7906f2dd3', 'areaCode': '002-003-000', 'phone': '50760160420', 'personName': '5nxX', 'imagePath': 'http://192.168.89.252:8080/upload/report/2019-09-20/0917/1628c2f8-a514-4825-9c4e-8ff1a73446b4.jpg', 'isTrade': 0, 'brands': ['黄金'], 'intention': '中', 'remark': '测试...', 'used': ['自己用']}
2019-09-20 10:56:34,864(pid:29248,tid:20204)--INFO: 抓拍列表数据请求参数:{'token': '6379dc84-15e7-4261-80dc-25f7906f2dd3', 'areaCode': '002-003-000', 'startDate': '2019-09-20', 'endDate': '2019-09-20'}
2019-09-20 10:56:34,895(pid:29248,tid:20204)--INFO: 跟进信息请求参数:{'snapId': 750, 'token': '6379dc84-15e7-4261-80dc-25f7906f2dd3', 'areaCode': '002-003-000', 'phone': '41808258768', 'personName': 'Jewl', 'imagePath': 'http://192.168.89.252:8080/upload/report/2019-09-20/0917/3b5930ce-cc6e-40a4-84ad-db9d14a3fdb2.jpg', 'isTrade': 1, 'brands': ['黄金'], 'intention': '中', 'remark': '测试...', 'used': ['自己用']}
2019-09-20 10:56:43,386(pid:29248,tid:20204)--INFO: 抓拍列表数据请求参数:{'token': '6379dc84-15e7-4261-80dc-25f7906f2dd3', 'areaCode': '002-003-000', 'startDate': '2019-09-20', 'endDate': '2019-09-20'}
2019-09-20 10:56:43,395(pid:29248,tid:20204)--INFO: 抓拍列表数据请求参数:{'token': '6379dc84-15e7-4261-80dc-25f7906f2dd3', 'areaCode': '002-003-000', 'startDate': '2019-09-20', 'endDate': '2019-09-20', 'dataType': 1}
2019-09-20 10:56:43,416(pid:29248,tid:20204)--INFO: 抓拍列表数据请求参数:{'token': '6379dc84-15e7-4261-80dc-25f7906f2dd3', 'areaCode': '002-003-000', 'startDate': '2019-09-20', 'endDate': '2019-09-20', 'dataType': 2}
2019-09-20 10:56:43,421(pid:29248,tid:20204)--INFO: 抓拍列表数据请求参数:{'token': '6379dc84-15e7-4261-80dc-25f7906f2dd3', 'areaCode': '002-003-000', 'startDate': '2019-09-20', 'endDate': '2019-09-20', 'dataType': 3}
2019-09-20 10:56:43,443(pid:29248,tid:20204)--INFO: 登入成功...
2019-09-20 10:56:53,475(pid:29248,tid:20204)--INFO: 抓拍列表统计请求参数:{'token': '737aec3b-8c58-4ae1-854a-d05d8f28501b', 'areaCode': '002-003-000', 'startDate': '2019-09-20', 'endDate': '2019-09-20'}
2019-09-20 10:56:53,484(pid:29248,tid:20204)--INFO: 抓拍列表数据请求参数:{'token': '737aec3b-8c58-4ae1-854a-d05d8f28501b', 'areaCode': '002-003-000', 'startDate': '2019-09-20', 'endDate': '2019-09-20'}
2019-09-20 10:56:53,492(pid:29248,tid:20204)--INFO: 标记为非客户请求参数:{'token': '737aec3b-8c58-4ae1-854a-d05d8f28501b', 'snapId': 752, 'vipType': 0}
2019-09-20 10:56:56,526(pid:29248,tid:20204)--INFO: 抓拍列表统计请求参数:{'token': '737aec3b-8c58-4ae1-854a-d05d8f28501b', 'areaCode': '002-003-000', 'startDate': '2019-09-20', 'endDate': '2019-09-20'}
2019-09-20 10:56:56,959(pid:29248,tid:20204)--INFO: 登入成功...
2019-09-20 10:57:02,019(pid:29248,tid:20204)--INFO: 抓拍列表数据请求参数:{'token': '424861a5-016a-4a74-9815-f1a5324677de', 'areaCode': '002-003-000', 'startDate': '2019-09-20', 'endDate': '2019-09-20'}
2019-09-20 10:57:02,040(pid:29248,tid:20204)--INFO: 跟进信息请求参数:{'snapId': 753, 'token': '424861a5-016a-4a74-9815-f1a5324677de', 'areaCode': '002-003-000', 'phone': '69323583682', 'personName': 'oRQn', 'imagePath': 'http://192.168.89.252:8080/upload/report/2019-09-20/0917/21a5ebfd-7679-4cd0-bd19-c40f51bc9a2a.jpg', 'isTrade': 0, 'brands': ['黄金'], 'intention': '中', 'remark': '测试...', 'used': ['自己用']}
2019-09-20 10:57:07,478(pid:29248,tid:20204)--INFO: 抓拍列表数据请求参数:{'token': '424861a5-016a-4a74-9815-f1a5324677de', 'areaCode': '002-003-000', 'startDate': '2019-09-20', 'endDate': '2019-09-20'}
2019-09-20 10:57:17,486(pid:29248,tid:20204)--INFO: 抓拍列表数据请求参数:{'token': '424861a5-016a-4a74-9815-f1a5324677de', 'areaCode': '002-003-000', 'startDate': '2019-09-20', 'endDate': '2019-09-20'}
2019-09-20 10:57:22,493(pid:29248,tid:20204)--INFO: 抓拍列表数据请求参数:{'token': '424861a5-016a-4a74-9815-f1a5324677de', 'areaCode': '002-003-000', 'startDate': '2019-09-20', 'endDate': '2019-09-20'}
2019-09-20 10:57:22,501(pid:29248,tid:20204)--INFO: 跟进信息请求参数:{'snapId': 754, 'token': '424861a5-016a-4a74-9815-f1a5324677de', 'areaCode': '002-003-000', 'phone': '18382147226', 'personName': 'ENx8', 'imagePath': 'http://192.168.89.252:8080/upload/report/2019-09-20/0917/5135ed29-c01b-4aff-9d1e-39b608a54708.jpg', 'isTrade': 1, 'brands': ['黄金'], 'intention': '中', 'remark': '测试...', 'used': ['自己用']}
2019-09-20 10:57:22,926(pid:29248,tid:20204)--INFO: 抓拍列表数据请求参数:{'token': '424861a5-016a-4a74-9815-f1a5324677de', 'areaCode': '002-003-000', 'startDate': '2019-09-20', 'endDate': '2019-09-20'}
2019-09-20 10:57:22,956(pid:29248,tid:20204)--INFO: 登入成功...
2019-09-20 10:57:38,060(pid:29248,tid:20204)--INFO: 抓拍列表统计请求参数:{'token': '8f645137-b0a3-43c8-a950-f4f562bfd8b4', 'areaCode': '002-003-000', 'startDate': '2019-09-20', 'endDate': '2019-09-20'}
2019-09-20 10:57:38,085(pid:29248,tid:20204)--INFO: 抓拍列表数据请求参数:{'token': '8f645137-b0a3-43c8-a950-f4f562bfd8b4', 'areaCode': '002-003-000', 'startDate': '2019-09-20', 'endDate': '2019-09-20', 'dataType': 1}
2019-09-20 10:57:38,092(pid:29248,tid:20204)--INFO: 关联请求参数:{'token': '8f645137-b0a3-43c8-a950-f4f562bfd8b4', 'snapId': 756, 'areaCode': '002-003-000', 'personName': '3okt', 'isTrade': 1, 'personCode': 0, 'phone': '32472219926', 'imageHeader': 'http://192.168.89.252:8080/upload/report/2019-09-20/0917/4eb319ee-8c49-4503-89b6-e10515c566be.jpg', 'imagePathList': ['http://192.168.89.252:8080/upload/report/2019-09-20/0917/26ab1d5b-ff7b-456c-86d1-0530f9f50372.jpg'], 'snapIdList': [755]}
2019-09-20 10:57:38,918(pid:29248,tid:20204)--INFO: 抓拍列表统计请求参数:{'token': '8f645137-b0a3-43c8-a950-f4f562bfd8b4', 'areaCode': '002-003-000', 'startDate': '2019-09-20', 'endDate': '2019-09-20'}
2019-09-20 10:57:38,926(pid:29248,tid:20204)--INFO: 我的客户列表请求参数:{'token': '8f645137-b0a3-43c8-a950-f4f562bfd8b4', 'areaCode': '002-003-000', 'startDate': '2019-09-20', 'endDate': '2019-09-20', 'vipType': 3}
2019-09-20 10:57:38,943(pid:29248,tid:20204)--INFO: 登入成功...
2019-09-20 10:57:48,990(pid:29248,tid:20204)--INFO: 抓拍列表数据请求参数:{'token': '83912776-59ed-4459-a771-16ecdf490b29', 'areaCode': '002-003-000', 'startDate': '2019-09-20', 'endDate': '2019-09-20'}
2019-09-20 10:57:48,999(pid:29248,tid:20204)--INFO: 标记为非客户请求参数:{'token': '83912776-59ed-4459-a771-16ecdf490b29', 'snapId': 757, 'vipType': 1}
2019-09-20 10:57:49,049(pid:29248,tid:20204)--INFO: 抓拍列表数据请求参数:{'token': '83912776-59ed-4459-a771-16ecdf490b29', 'areaCode': '002-003-000', 'startDate': '2019-09-20', 'endDate': '2019-09-20'}
2019-09-20 10:57:49,056(pid:29248,tid:20204)--INFO: 恢复为初次到访客户请求参数:{'snapId': 757, 'token': '83912776-59ed-4459-a771-16ecdf490b29'}
2019-09-20 10:57:49,121(pid:29248,tid:20204)--INFO: 抓拍列表数据请求参数:{'token': '83912776-59ed-4459-a771-16ecdf490b29', 'areaCode': '002-003-000', 'startDate': '2019-09-20', 'endDate': '2019-09-20'}
2019-09-20 10:57:49,129(pid:29248,tid:20204)--INFO: 跟进信息请求参数:{'snapId': 757, 'token': '83912776-59ed-4459-a771-16ecdf490b29', 'areaCode': '002-003-000', 'phone': '94503810657', 'personName': 'qQOi', 'imagePath': 'http://192.168.89.252:8080/upload/report/2019-09-20/0917/13e5a1fa-98e9-481c-9f52-5c932bc8709a.jpg', 'isTrade': 0, 'brands': ['黄金'], 'intention': '中', 'remark': '测试...', 'used': ['自己用']}
2019-09-20 11:23:15,551(pid:26000,tid:7200)--INFO: 登入成功...
2019-09-20 11:23:15,552(pid:26000,tid:7200)--INFO: 抓拍列表数据请求参数:{'areaCode': '002-003-000'}
2019-09-20 11:23:15,558(pid:26000,tid:7200)--INFO: 抓拍列表数据请求参数:{'token': 'b18402ea-4d4d-49df-a804-68fa538976a0'}
2019-09-20 11:23:15,648(pid:26000,tid:7200)--INFO: 登入成功...
2019-09-20 11:23:25,705(pid:26000,tid:7200)--INFO: 抓拍列表数据请求参数:{'token': '38e75302-a8c5-40d1-b82a-8ac04a94bd6d', 'areaCode': '002-003-000', 'startDate': '2019-09-20', 'endDate': '2019-09-20'}
2019-09-20 11:23:25,720(pid:26000,tid:7200)--INFO: 抓拍列表数据请求参数:{'token': '38e75302-a8c5-40d1-b82a-8ac04a94bd6d', 'areaCode': '002-003-000', 'startDate': '2019-09-20', 'endDate': '2019-09-20', 'dataType': 1}
2019-09-20 11:23:25,745(pid:26000,tid:7200)--INFO: 抓拍列表数据请求参数:{'token': '38e75302-a8c5-40d1-b82a-8ac04a94bd6d', 'areaCode': '002-003-000', 'startDate': '2019-09-20', 'endDate': '2019-09-20', 'dataType': 2}
2019-09-20 11:23:25,754(pid:26000,tid:7200)--INFO: 抓拍列表数据请求参数:{'token': '38e75302-a8c5-40d1-b82a-8ac04a94bd6d', 'areaCode': '002-003-000', 'startDate': '2019-09-20', 'endDate': '2019-09-20', 'dataType': 3}
2019-09-20 11:23:25,778(pid:26000,tid:7200)--INFO: 登入成功...
2019-09-20 11:23:35,827(pid:26000,tid:7200)--INFO: 抓拍列表数据请求参数:{'token': '648c2e79-7570-4a47-b6f8-cec0b9014155', 'areaCode': '002-003-000', 'startDate': '2019-09-20', 'endDate': '2019-09-20'}
2019-09-20 11:23:35,858(pid:26000,tid:7200)--INFO: 跟进信息请求参数:{'snapId': 772, 'token': '648c2e79-7570-4a47-b6f8-cec0b9014155', 'areaCode': '002-003-000', 'phone': '94509293439', 'personName': 'NJn1', 'imagePath': 'http://192.168.89.252:8080/upload/report/2019-09-20/0917/a295a35c-a5f4-41b6-9cc5-7224c13d610a.jpg', 'isTrade': 0, 'brands': ['黄金'], 'intention': '中', 'remark': '测试...', 'used': ['自己用']}
2019-09-20 11:23:36,311(pid:26000,tid:7200)--INFO: 登入成功...
2019-09-20 11:23:36,311(pid:26000,tid:7200)--INFO: 抓拍列表数据请求参数:{'token': '783a6da1-622d-4755-9f14-dc5a623d4e92', 'areaCode': '002-003-000', 'startDate': '2019-09-20', 'endDate': '2019-09-20'}
2019-09-20 11:23:36,320(pid:26000,tid:7200)--INFO: 跟进信息请求参数:{'snapId': 772, 'token': '783a6da1-622d-4755-9f14-dc5a623d4e92', 'areaCode': '002-003-000', 'phone': '82131379725', 'personName': '5Ksu', 'imagePath': 'http://192.168.89.252:8080/upload/report/2019-09-20/0917/a295a35c-a5f4-41b6-9cc5-7224c13d610a.jpg', 'isTrade': 0, 'brands': ['黄金'], 'intention': '中', 'remark': '测试...', 'used': ['自己用']}
2019-09-20 11:23:36,731(pid:26000,tid:7200)--INFO: 抓拍列表数据请求参数:{'token': '783a6da1-622d-4755-9f14-dc5a623d4e92', 'areaCode': '002-003-000', 'startDate': '2019-09-20', 'endDate': '2019-09-20'}
2019-09-20 11:23:36,740(pid:26000,tid:7200)--INFO: 添加跟进信息请求参数:{'snapId': 772, 'token': '783a6da1-622d-4755-9f14-dc5a623d4e92', 'areaCode': '002-003-000', 'personName': '5Ksu', 'isTrade': 1, 'brands': ['黄金', '白金', '钻石'], 'intention': '高', 'remark': '追加记录...', 'used': ['送礼', '收藏', '自用'], 'personCode': 116, 'phone': '82131379725'}
2019-09-20 11:23:36,800(pid:26000,tid:7200)--INFO: 登入成功...
2019-09-20 11:23:46,853(pid:26000,tid:7200)--INFO: 抓拍列表数据请求参数:{'token': '696100db-b6b8-46c8-98b5-2f54ddc8d126', 'areaCode': '002-003-000', 'startDate': '2019-09-20', 'endDate': '2019-09-20'}
2019-09-20 11:23:46,865(pid:26000,tid:7200)--INFO: 跟进信息请求参数:{'snapId': 773, 'token': '696100db-b6b8-46c8-98b5-2f54ddc8d126', 'areaCode': '002-003-000', 'phone': '12098534081', 'personName': 'obwM', 'imagePath': 'http://192.168.89.252:8080/upload/report/2019-09-20/0917/1543a3f4-42c8-4219-a09e-c26f92e9a67d.jpg', 'isTrade': 0, 'brands': ['黄金'], 'intention': '中', 'remark': '测试...', 'used': ['自己用']}
2019-09-20 11:23:47,302(pid:26000,tid:7200)--INFO: 我的客户列表请求参数:{'token': '696100db-b6b8-46c8-98b5-2f54ddc8d126', 'areaCode': '002-003-000', 'startDate': '2019-09-20', 'endDate': '2019-09-20', 'vipType': 3}
2019-09-20 11:23:47,325(pid:26000,tid:7200)--INFO: 登入成功...
2019-09-20 11:23:47,325(pid:26000,tid:7200)--INFO: 抓拍列表数据请求参数:{'token': '8ddde38e-4f41-41c1-bd81-5818c78c19f9', 'areaCode': '002-003-000', 'startDate': '2019-09-20', 'endDate': '2019-09-20'}
2019-09-20 11:23:47,334(pid:26000,tid:7200)--INFO: 修改客户信息请求参数:{'token': '8ddde38e-4f41-41c1-bd81-5818c78c19f9', 'personCode': 117, 'phone': '26624438952', 'personName': 'RQ3C'}
2019-09-20 11:23:49,360(pid:26000,tid:7200)--INFO: 我的客户列表请求参数:{'token': '8ddde38e-4f41-41c1-bd81-5818c78c19f9', 'areaCode': '002-003-000', 'startDate': '2019-09-20', 'endDate': '2019-09-20', 'vipType': 3}
2019-09-20 11:23:49,384(pid:26000,tid:7200)--INFO: 登入成功...
2019-09-20 11:23:49,384(pid:26000,tid:7200)--INFO: 抓拍列表统计请求参数:{'token': '0192b28f-ebfe-41c9-8478-d66869cea61f', 'areaCode': '002-003-000', 'startDate': '2019-09-20', 'endDate': '2019-09-20'}
2019-09-20 11:23:49,412(pid:26000,tid:7200)--INFO: 登入成功...
2019-09-20 11:23:59,477(pid:26000,tid:7200)--INFO: 抓拍列表数据请求参数:{'token': 'eb9bbe97-326f-463b-9174-c74d872373aa', 'areaCode': '002-003-000', 'startDate': '2019-09-20', 'endDate': '2019-09-20'}
2019-09-20 11:23:59,506(pid:26000,tid:7200)--INFO: 标记为非客户请求参数:{'token': 'eb9bbe97-326f-463b-9174-c74d872373aa', 'snapId': 774, 'vipType': 0}
2019-09-20 11:23:59,578(pid:26000,tid:7200)--INFO: 登入成功...
2019-09-20 11:23:59,579(pid:26000,tid:7200)--INFO: 店员业绩请求参数:{'areaCode': '002-003-000', 'token': '103f8779-2123-4081-8380-0a106ec9314e', 'endDate': '2019-09-20', 'startDate': '2019-09-20'}
2019-09-20 11:23:59,684(pid:26000,tid:7200)--INFO: 登入成功...
2019-09-20 11:24:09,739(pid:26000,tid:7200)--INFO: 抓拍列表数据请求参数:{'token': '91846e03-8e7d-483a-92d7-54418f725eef', 'areaCode': '002-003-000', 'startDate': '2019-09-20', 'endDate': '2019-09-20'}
2019-09-20 11:24:09,750(pid:26000,tid:7200)--INFO: 跟进信息请求参数:{'snapId': 775, 'token': '91846e03-8e7d-483a-92d7-54418f725eef', 'areaCode': '002-003-000', 'phone': '52113174710', 'personName': 'dIi4', 'imagePath': 'http://192.168.89.252:8080/upload/report/2019-09-20/0917/7b4a013c-b373-455b-8648-175a0a7e1373.jpg', 'isTrade': 0, 'brands': ['黄金'], 'intention': '中', 'remark': '测试...', 'used': ['自己用']}
2019-09-20 11:24:20,150(pid:26000,tid:7200)--INFO: 抓拍列表数据请求参数:{'token': '91846e03-8e7d-483a-92d7-54418f725eef', 'areaCode': '002-003-000', 'startDate': '2019-09-20', 'endDate': '2019-09-20'}
2019-09-20 11:24:20,158(pid:26000,tid:7200)--INFO: 跟进信息请求参数:{'snapId': 776, 'token': '91846e03-8e7d-483a-92d7-54418f725eef', 'areaCode': '002-003-000', 'phone': '22164204473', 'personName': 'bik2', 'imagePath': 'http://192.168.89.252:8080/upload/report/2019-09-20/0917/88bf3f4f-6b63-46e0-8f71-78f9168d31c0.jpg', 'isTrade': 1, 'brands': ['黄金'], 'intention': '中', 'remark': '测试...', 'used': ['自己用']}
2019-09-20 11:24:28,638(pid:26000,tid:7200)--INFO: 抓拍列表数据请求参数:{'token': '91846e03-8e7d-483a-92d7-54418f725eef', 'areaCode': '002-003-000', 'startDate': '2019-09-20', 'endDate': '2019-09-20'}
2019-09-20 11:24:28,668(pid:26000,tid:7200)--INFO: 抓拍列表数据请求参数:{'token': '91846e03-8e7d-483a-92d7-54418f725eef', 'areaCode': '002-003-000', 'startDate': '2019-09-20', 'endDate': '2019-09-20', 'dataType': 1}
2019-09-20 11:24:28,702(pid:26000,tid:7200)--INFO: 抓拍列表数据请求参数:{'token': '91846e03-8e7d-483a-92d7-54418f725eef', 'areaCode': '002-003-000', 'startDate': '2019-09-20', 'endDate': '2019-09-20', 'dataType': 2}
2019-09-20 11:24:28,708(pid:26000,tid:7200)--INFO: 抓拍列表数据请求参数:{'token': '91846e03-8e7d-483a-92d7-54418f725eef', 'areaCode': '002-003-000', 'startDate': '2019-09-20', 'endDate': '2019-09-20', 'dataType': 3}
2019-09-20 11:24:28,734(pid:26000,tid:7200)--INFO: 登入成功...
2019-09-20 11:24:38,803(pid:26000,tid:7200)--INFO: 抓拍列表统计请求参数:{'token': '4f33d70c-2fa9-421e-8c63-0cf556aad278', 'areaCode': '002-003-000', 'startDate': '2019-09-20', 'endDate': '2019-09-20'}
2019-09-20 11:24:38,812(pid:26000,tid:7200)--INFO: 抓拍列表数据请求参数:{'token': '4f33d70c-2fa9-421e-8c63-0cf556aad278', 'areaCode': '002-003-000', 'startDate': '2019-09-20', 'endDate': '2019-09-20'}
2019-09-20 11:24:38,820(pid:26000,tid:7200)--INFO: 标记为非客户请求参数:{'token': '4f33d70c-2fa9-421e-8c63-0cf556aad278', 'snapId': 778, 'vipType': 0}
2019-09-20 11:24:41,855(pid:26000,tid:7200)--INFO: 抓拍列表统计请求参数:{'token': '4f33d70c-2fa9-421e-8c63-0cf556aad278', 'areaCode': '002-003-000', 'startDate': '2019-09-20', 'endDate': '2019-09-20'}
2019-09-20 11:24:41,891(pid:26000,tid:7200)--INFO: 登入成功...
2019-09-20 11:24:46,930(pid:26000,tid:7200)--INFO: 抓拍列表数据请求参数:{'token': '8176a6cf-bf7f-4a00-871a-d20593021b4a', 'areaCode': '002-003-000', 'startDate': '2019-09-20', 'endDate': '2019-09-20'}
2019-09-20 11:24:46,939(pid:26000,tid:7200)--INFO: 跟进信息请求参数:{'snapId': 779, 'token': '8176a6cf-bf7f-4a00-871a-d20593021b4a', 'areaCode': '002-003-000', 'phone': '11584099105', 'personName': 'JtVR', 'imagePath': 'http://192.168.89.252:8080/upload/report/2019-09-20/0917/16390752-f9a0-421b-948c-6f1bf8122107.jpg', 'isTrade': 0, 'brands': ['黄金'], 'intention': '中', 'remark': '测试...', 'used': ['自己用']}
2019-09-20 11:24:52,375(pid:26000,tid:7200)--INFO: 抓拍列表数据请求参数:{'token': '8176a6cf-bf7f-4a00-871a-d20593021b4a', 'areaCode': '002-003-000', 'startDate': '2019-09-20', 'endDate': '2019-09-20'}
2019-09-20 11:25:02,385(pid:26000,tid:7200)--INFO: 抓拍列表数据请求参数:{'token': '8176a6cf-bf7f-4a00-871a-d20593021b4a', 'areaCode': '002-003-000', 'startDate': '2019-09-20', 'endDate': '2019-09-20'}
2019-09-20 11:25:07,408(pid:26000,tid:7200)--INFO: 抓拍列表数据请求参数:{'token': '8176a6cf-bf7f-4a00-871a-d20593021b4a', 'areaCode': '002-003-000', 'startDate': '2019-09-20', 'endDate': '2019-09-20'}
2019-09-20 11:25:07,416(pid:26000,tid:7200)--INFO: 跟进信息请求参数:{'snapId': 780, 'token': '8176a6cf-bf7f-4a00-871a-d20593021b4a', 'areaCode': '002-003-000', 'phone': '03625056862', 'personName': '6CrF', 'imagePath': 'http://192.168.89.252:8080/upload/report/2019-09-20/0917/fee5b64f-5fd1-4b66-a9fe-47d4d5a1ce7d.jpg', 'isTrade': 1, 'brands': ['黄金'], 'intention': '中', 'remark': '测试...', 'used': ['自己用']}
2019-09-20 11:25:07,848(pid:26000,tid:7200)--INFO: 抓拍列表数据请求参数:{'token': '8176a6cf-bf7f-4a00-871a-d20593021b4a', 'areaCode': '002-003-000', 'startDate': '2019-09-20', 'endDate': '2019-09-20'}
2019-09-20 11:25:07,884(pid:26000,tid:7200)--INFO: 登入成功...
2019-09-20 11:25:22,963(pid:26000,tid:7200)--INFO: 抓拍列表统计请求参数:{'token': 'cb4e36d4-0a73-4c3a-9459-e5a694d147df', 'areaCode': '002-003-000', 'startDate': '2019-09-20', 'endDate': '2019-09-20'}
2019-09-20 11:25:22,973(pid:26000,tid:7200)--INFO: 抓拍列表数据请求参数:{'token': 'cb4e36d4-0a73-4c3a-9459-e5a694d147df', 'areaCode': '002-003-000', 'startDate': '2019-09-20', 'endDate': '2019-09-20', 'dataType': 1}
2019-09-20 11:25:22,980(pid:26000,tid:7200)--INFO: 关联请求参数:{'token': 'cb4e36d4-0a73-4c3a-9459-e5a694d147df', 'snapId': 782, 'areaCode': '002-003-000', 'personName': 'gYsJ', 'isTrade': 1, 'personCode': 0, 'phone': '21578058854', 'imageHeader': 'http://192.168.89.252:8080/upload/report/2019-09-20/0917/77a55a9d-23e1-4d91-8a46-ffe7f4e150f0.jpg', 'imagePathList': ['http://192.168.89.252:8080/upload/report/2019-09-20/0917/f10c51c8-abd1-427d-b6f3-5e05392898d4.jpg'], 'snapIdList': [781]}
2019-09-20 11:25:23,610(pid:26000,tid:7200)--INFO: 抓拍列表统计请求参数:{'token': 'cb4e36d4-0a73-4c3a-9459-e5a694d147df', 'areaCode': '002-003-000', 'startDate': '2019-09-20', 'endDate': '2019-09-20'}
2019-09-20 11:25:23,617(pid:26000,tid:7200)--INFO: 我的客户列表请求参数:{'token': 'cb4e36d4-0a73-4c3a-9459-e5a694d147df', 'areaCode': '002-003-000', 'startDate': '2019-09-20', 'endDate': '2019-09-20', 'vipType': 3}
2019-09-20 11:25:23,635(pid:26000,tid:7200)--INFO: 登入成功...
2019-09-20 11:25:33,680(pid:26000,tid:7200)--INFO: 抓拍列表数据请求参数:{'token': '12d124a5-dcfb-4130-ab13-ce2119039139', 'areaCode': '002-003-000', 'startDate': '2019-09-20', 'endDate': '2019-09-20'}
2019-09-20 11:25:33,699(pid:26000,tid:7200)--INFO: 标记为非客户请求参数:{'token': '12d124a5-dcfb-4130-ab13-ce2119039139', 'snapId': 783, 'vipType': 1}
2019-09-20 11:25:33,730(pid:26000,tid:7200)--INFO: 抓拍列表数据请求参数:{'token': '12d124a5-dcfb-4130-ab13-ce2119039139', 'areaCode': '002-003-000', 'startDate': '2019-09-20', 'endDate': '2019-09-20'}
2019-09-20 11:25:33,737(pid:26000,tid:7200)--INFO: 恢复为初次到访客户请求参数:{'snapId': 783, 'token': '12d124a5-dcfb-4130-ab13-ce2119039139'}
2019-09-20 11:25:33,783(pid:26000,tid:7200)--INFO: 抓拍列表数据请求参数:{'token': '12d124a5-dcfb-4130-ab13-ce2119039139', 'areaCode': '002-003-000', 'startDate': '2019-09-20', 'endDate': '2019-09-20'}
2019-09-20 11:25:33,789(pid:26000,tid:7200)--INFO: 跟进信息请求参数:{'snapId': 783, 'token': '12d124a5-dcfb-4130-ab13-ce2119039139', 'areaCode': '002-003-000', 'phone': '54764282708', 'personName': 'zgU1', 'imagePath': 'http://192.168.89.252:8080/upload/report/2019-09-20/0917/0f757fdc-54b2-432a-9740-44ccc35191b2.jpg', 'isTrade': 0, 'brands': ['黄金'], 'intention': '中', 'remark': '测试...', 'used': ['自己用']}
2019-09-20 11:27:13,353(pid:27316,tid:29080)--INFO: 登入成功...
2019-09-20 11:27:13,355(pid:27316,tid:29080)--INFO: 抓拍列表数据请求参数:{'areaCode': '000-000-005'}
2019-09-20 11:27:13,396(pid:27316,tid:29080)--INFO: 抓拍列表数据请求参数:{'token': 'd6488865-a9c9-486c-9dec-1b9a7912aea8'}
2019-09-20 11:27:13,683(pid:27316,tid:29080)--INFO: 登入成功...
2019-09-20 11:27:23,783(pid:27316,tid:29080)--INFO: 抓拍列表数据请求参数:{'token': '1cd02ab4-e408-433e-964a-d0798d2a6712', 'areaCode': '000-000-005', 'startDate': '2019-09-20', 'endDate': '2019-09-20'}
2019-09-20 11:27:23,830(pid:27316,tid:29080)--INFO: 抓拍列表数据请求参数:{'token': '1cd02ab4-e408-433e-964a-d0798d2a6712', 'areaCode': '000-000-005', 'startDate': '2019-09-20', 'endDate': '2019-09-20', 'dataType': 1}
2019-09-20 11:27:23,877(pid:27316,tid:29080)--INFO: 抓拍列表数据请求参数:{'token': '1cd02ab4-e408-433e-964a-d0798d2a6712', 'areaCode': '000-000-005', 'startDate': '2019-09-20', 'endDate': '2019-09-20', 'dataType': 2}
2019-09-20 11:27:23,928(pid:27316,tid:29080)--INFO: 抓拍列表数据请求参数:{'token': '1cd02ab4-e408-433e-964a-d0798d2a6712', 'areaCode': '000-000-005', 'startDate': '2019-09-20', 'endDate': '2019-09-20', 'dataType': 3}
2019-09-20 11:27:25,864(pid:27316,tid:29080)--INFO: 登入成功...
2019-09-20 11:27:35,918(pid:27316,tid:29080)--INFO: 抓拍列表数据请求参数:{'token': '7e5b3c94-e40a-4195-903f-a884bed3f938', 'areaCode': '000-000-005', 'startDate': '2019-09-20', 'endDate': '2019-09-20'}
2019-09-20 11:27:35,964(pid:27316,tid:29080)--INFO: 跟进信息请求参数:{'snapId': 62737, 'token': '7e5b3c94-e40a-4195-903f-a884bed3f938', 'areaCode': '000-000-005', 'phone': '15540559888', 'personName': 'zLOP', 'imagePath': 'http://dj.reconova.com/upload_img918/report/2019-09-20/0701-1/cc891e27-eb54-4ae5-8731-4113f79ade63.jpg', 'isTrade': 0, 'brands': ['黄金'], 'intention': '中', 'remark': '测试...', 'used': ['自己用']}
2019-09-20 11:27:36,362(pid:27316,tid:29080)--INFO: 登入成功...
2019-09-20 11:27:36,363(pid:27316,tid:29080)--INFO: 抓拍列表数据请求参数:{'token': '71a63501-001d-4dd8-ac38-7192f9ceb4b2', 'areaCode': '000-000-005', 'startDate': '2019-09-20', 'endDate': '2019-09-20'}
2019-09-20 11:27:36,405(pid:27316,tid:29080)--INFO: 跟进信息请求参数:{'snapId': 62737, 'token': '71a63501-001d-4dd8-ac38-7192f9ceb4b2', 'areaCode': '000-000-005', 'phone': '95470058708', 'personName': 'Lt7v', 'imagePath': 'http://dj.reconova.com/upload_img918/report/2019-09-20/0701-1/cc891e27-eb54-4ae5-8731-4113f79ade63.jpg', 'isTrade': 0, 'brands': ['黄金'], 'intention': '中', 'remark': '测试...', 'used': ['自己用']}
2019-09-20 11:27:36,684(pid:27316,tid:29080)--INFO: 抓拍列表数据请求参数:{'token': '71a63501-001d-4dd8-ac38-7192f9ceb4b2', 'areaCode': '000-000-005', 'startDate': '2019-09-20', 'endDate': '2019-09-20'}
2019-09-20 11:27:36,725(pid:27316,tid:29080)--INFO: 添加跟进信息请求参数:{'snapId': 62737, 'token': '71a63501-001d-4dd8-ac38-7192f9ceb4b2', 'areaCode': '000-000-005', 'personName': 'Lt7v', 'isTrade': 1, 'brands': ['黄金', '白金', '钻石'], 'intention': '高', 'remark': '追加记录...', 'used': ['送礼', '收藏', '自用'], 'personCode': 838188, 'phone': '95470058708'}
2019-09-20 11:27:36,853(pid:27316,tid:29080)--INFO: 登入成功...
2019-09-20 11:27:46,899(pid:27316,tid:29080)--INFO: 抓拍列表数据请求参数:{'token': '7be833e9-25ce-4237-9683-b0b0b76cbacd', 'areaCode': '000-000-005', 'startDate': '2019-09-20', 'endDate': '2019-09-20'}
2019-09-20 11:27:46,952(pid:27316,tid:29080)--INFO: 跟进信息请求参数:{'snapId': 62738, 'token': '7be833e9-25ce-4237-9683-b0b0b76cbacd', 'areaCode': '000-000-005', 'phone': '20503321644', 'personName': 'HPTZ', 'imagePath': 'http://dj.reconova.com/upload_img918/report/2019-09-20/0701-1/9e13ac05-12e6-48df-af73-b81018f1cf29.jpg', 'isTrade': 0, 'brands': ['黄金'], 'intention': '中', 'remark': '测试...', 'used': ['自己用']}
2019-09-20 11:27:47,243(pid:27316,tid:29080)--INFO: 我的客户列表请求参数:{'token': '7be833e9-25ce-4237-9683-b0b0b76cbacd', 'areaCode': '000-000-005', 'startDate': '2019-09-20', 'endDate': '2019-09-20', 'vipType': 3}
2019-09-20 11:27:47,372(pid:27316,tid:29080)--INFO: 登入成功...
2019-09-20 11:27:47,373(pid:27316,tid:29080)--INFO: 抓拍列表数据请求参数:{'token': '94d3bad1-c49e-45ae-989b-c356365e27b2', 'areaCode': '000-000-005', 'startDate': '2019-09-20', 'endDate': '2019-09-20'}
2019-09-20 11:27:47,412(pid:27316,tid:29080)--INFO: 修改客户信息请求参数:{'token': '94d3bad1-c49e-45ae-989b-c356365e27b2', 'personCode': 838189, 'phone': '91467024719', 'personName': 'owPE'}
2019-09-20 11:27:49,452(pid:27316,tid:29080)--INFO: 我的客户列表请求参数:{'token': '94d3bad1-c49e-45ae-989b-c356365e27b2', 'areaCode': '000-000-005', 'startDate': '2019-09-20', 'endDate': '2019-09-20', 'vipType': 3}
2019-09-20 11:27:49,591(pid:27316,tid:29080)--INFO: 登入成功...
2019-09-20 11:27:49,592(pid:27316,tid:29080)--INFO: 抓拍列表统计请求参数:{'token': 'c5bdc941-1e55-4eaa-8446-d40cebede1ac', 'areaCode': '000-000-005', 'startDate': '2019-09-20', 'endDate': '2019-09-20'}
2019-09-20 11:27:49,721(pid:27316,tid:29080)--INFO: 登入成功...
2019-09-20 11:27:59,767(pid:27316,tid:29080)--INFO: 抓拍列表数据请求参数:{'token': '45de13ee-7447-4841-93fd-9a9a905472dd', 'areaCode': '000-000-005', 'startDate': '2019-09-20', 'endDate': '2019-09-20'}
2019-09-20 11:27:59,820(pid:27316,tid:29080)--INFO: 标记为非客户请求参数:{'token': '45de13ee-7447-4841-93fd-9a9a905472dd', 'snapId': 62743, 'vipType': 0}
2019-09-20 11:27:59,954(pid:27316,tid:29080)--INFO: 登入成功...
2019-09-20 11:27:59,955(pid:27316,tid:29080)--INFO: 店员业绩请求参数:{'areaCode': '000-000-005', 'token': '780b7d7c-7105-4ab0-8099-6981c9b2851d', 'endDate': '2019-09-20', 'startDate': '2019-09-20'}
2019-09-20 11:28:00,272(pid:27316,tid:29080)--INFO: 登入成功...
2019-09-20 11:28:10,399(pid:27316,tid:29080)--INFO: 抓拍列表数据请求参数:{'token': 'da94039c-db7a-49f5-ac08-2a0bf136a7f7', 'areaCode': '000-000-005', 'startDate': '2019-09-20', 'endDate': '2019-09-20'}
2019-09-20 11:28:10,437(pid:27316,tid:29080)--INFO: 跟进信息请求参数:{'snapId': 62744, 'token': 'da94039c-db7a-49f5-ac08-2a0bf136a7f7', 'areaCode': '000-000-005', 'phone': '54440112374', 'personName': 'N13A', 'imagePath': 'http://dj.reconova.com/upload_img918/report/2019-09-20/0701-1/1154b635-5593-41de-b4d6-53880498642e.jpg', 'isTrade': 0, 'brands': ['黄金'], 'intention': '中', 'remark': '测试...', 'used': ['自己用']}
2019-09-20 11:28:20,777(pid:27316,tid:29080)--INFO: 抓拍列表数据请求参数:{'token': 'da94039c-db7a-49f5-ac08-2a0bf136a7f7', 'areaCode': '000-000-005', 'startDate': '2019-09-20', 'endDate': '2019-09-20'}
2019-09-20 11:28:20,816(pid:27316,tid:29080)--INFO: 跟进信息请求参数:{'snapId': 62745, 'token': 'da94039c-db7a-49f5-ac08-2a0bf136a7f7', 'areaCode': '000-000-005', 'phone': '20531580480', 'personName': 'AGDe', 'imagePath': 'http://dj.reconova.com/upload_img918/report/2019-09-20/0701-1/1db3a35d-88b4-448f-b219-28452e5cada1.jpg', 'isTrade': 1, 'brands': ['黄金'], 'intention': '中', 'remark': '测试...', 'used': ['自己用']}
2019-09-20 11:28:29,166(pid:27316,tid:29080)--INFO: 抓拍列表数据请求参数:{'token': 'da94039c-db7a-49f5-ac08-2a0bf136a7f7', 'areaCode': '000-000-005', 'startDate': '2019-09-20', 'endDate': '2019-09-20'}
2019-09-20 11:28:29,211(pid:27316,tid:29080)--INFO: 抓拍列表数据请求参数:{'token': 'da94039c-db7a-49f5-ac08-2a0bf136a7f7', 'areaCode': '000-000-005', 'startDate': '2019-09-20', 'endDate': '2019-09-20', 'dataType': 1}
2019-09-20 11:28:29,253(pid:27316,tid:29080)--INFO: 抓拍列表数据请求参数:{'token': 'da94039c-db7a-49f5-ac08-2a0bf136a7f7', 'areaCode': '000-000-005', 'startDate': '2019-09-20', 'endDate': '2019-09-20', 'dataType': 2}
2019-09-20 11:28:29,291(pid:27316,tid:29080)--INFO: 抓拍列表数据请求参数:{'token': 'da94039c-db7a-49f5-ac08-2a0bf136a7f7', 'areaCode': '000-000-005', 'startDate': '2019-09-20', 'endDate': '2019-09-20', 'dataType': 3}
2019-09-20 11:28:30,496(pid:27316,tid:29080)--INFO: 登入成功...
2019-09-20 11:28:40,557(pid:27316,tid:29080)--INFO: 抓拍列表统计请求参数:{'token': '5c09e74e-3916-43dd-87ee-4b1b684b50a2', 'areaCode': '000-000-005', 'startDate': '2019-09-20', 'endDate': '2019-09-20'}
2019-09-20 11:28:40,599(pid:27316,tid:29080)--INFO: 抓拍列表数据请求参数:{'token': '5c09e74e-3916-43dd-87ee-4b1b684b50a2', 'areaCode': '000-000-005', 'startDate': '2019-09-20', 'endDate': '2019-09-20'}
2019-09-20 11:28:40,641(pid:27316,tid:29080)--INFO: 标记为非客户请求参数:{'token': '5c09e74e-3916-43dd-87ee-4b1b684b50a2', 'snapId': 62747, 'vipType': 0}
2019-09-20 11:28:43,682(pid:27316,tid:29080)--INFO: 抓拍列表统计请求参数:{'token': '5c09e74e-3916-43dd-87ee-4b1b684b50a2', 'areaCode': '000-000-005', 'startDate': '2019-09-20', 'endDate': '2019-09-20'}
2019-09-20 11:28:43,848(pid:27316,tid:29080)--INFO: 登入成功...
2019-09-20 11:28:48,890(pid:27316,tid:29080)--INFO: 抓拍列表数据请求参数:{'token': 'f32d7b11-287e-4c8c-a3c1-b29ef55da783', 'areaCode': '000-000-005', 'startDate': '2019-09-20', 'endDate': '2019-09-20'}
2019-09-20 11:28:48,933(pid:27316,tid:29080)--INFO: 跟进信息请求参数:{'snapId': 62748, 'token': 'f32d7b11-287e-4c8c-a3c1-b29ef55da783', 'areaCode': '000-000-005', 'phone': '72167039260', 'personName': 'KPbL', 'imagePath': 'http://dj.reconova.com/upload_img918/report/2019-09-20/0701-1/ca0e0c0d-660a-4784-8a6b-971b45d01616.jpg', 'isTrade': 0, 'brands': ['黄金'], 'intention': '中', 'remark': '测试...', 'used': ['自己用']}
2019-09-20 11:28:54,254(pid:27316,tid:29080)--INFO: 抓拍列表数据请求参数:{'token': 'f32d7b11-287e-4c8c-a3c1-b29ef55da783', 'areaCode': '000-000-005', 'startDate': '2019-09-20', 'endDate': '2019-09-20'}
2019-09-20 11:29:04,299(pid:27316,tid:29080)--INFO: 抓拍列表数据请求参数:{'token': 'f32d7b11-287e-4c8c-a3c1-b29ef55da783', 'areaCode': '000-000-005', 'startDate': '2019-09-20', 'endDate': '2019-09-20'}
2019-09-20 11:29:09,341(pid:27316,tid:29080)--INFO: 抓拍列表数据请求参数:{'token': 'f32d7b11-287e-4c8c-a3c1-b29ef55da783', 'areaCode': '000-000-005', 'startDate': '2019-09-20', 'endDate': '2019-09-20'}
2019-09-20 11:29:09,385(pid:27316,tid:29080)--INFO: 跟进信息请求参数:{'snapId': 62749, 'token': 'f32d7b11-287e-4c8c-a3c1-b29ef55da783', 'areaCode': '000-000-005', 'phone': '91920785906', 'personName': 'T6Jo', 'imagePath': 'http://dj.reconova.com/upload_img918/report/2019-09-20/0701-1/10bc1514-67dd-4020-83ed-38dfd587c488.jpg', 'isTrade': 1, 'brands': ['黄金'], 'intention': '中', 'remark': '测试...', 'used': ['自己用']}
2019-09-20 11:29:09,678(pid:27316,tid:29080)--INFO: 抓拍列表数据请求参数:{'token': 'f32d7b11-287e-4c8c-a3c1-b29ef55da783', 'areaCode': '000-000-005', 'startDate': '2019-09-20', 'endDate': '2019-09-20'}
2019-09-20 11:29:09,900(pid:27316,tid:29080)--INFO: 登入成功...
2019-09-20 11:29:25,019(pid:27316,tid:29080)--INFO: 抓拍列表统计请求参数:{'token': '7ce81823-e7fc-463b-bbe6-7de0d83a0ff3', 'areaCode': '000-000-005', 'startDate': '2019-09-20', 'endDate': '2019-09-20'}
2019-09-20 11:29:25,068(pid:27316,tid:29080)--INFO: 抓拍列表数据请求参数:{'token': '7ce81823-e7fc-463b-bbe6-7de0d83a0ff3', 'areaCode': '000-000-005', 'startDate': '2019-09-20', 'endDate': '2019-09-20', 'dataType': 1}
2019-09-20 11:29:25,105(pid:27316,tid:29080)--INFO: 关联请求参数:{'token': '7ce81823-e7fc-463b-bbe6-7de0d83a0ff3', 'snapId': 62751, 'areaCode': '000-000-005', 'personName': '7KQt', 'isTrade': 1, 'personCode': 0, 'phone': '13022307733', 'imageHeader': 'http://dj.reconova.com/upload_img918/report/2019-09-20/0701-1/99721205-c4ad-4689-b78c-80db0907f276.jpg', 'imagePathList': ['http://dj.reconova.com/upload_img918/report/2019-09-20/0701-1/3eb89766-e260-488d-8f8d-5da74b185da0.jpg'], 'snapIdList': [62750]}
2019-09-20 11:29:25,659(pid:27316,tid:29080)--INFO: 抓拍列表统计请求参数:{'token': '7ce81823-e7fc-463b-bbe6-7de0d83a0ff3', 'areaCode': '000-000-005', 'startDate': '2019-09-20', 'endDate': '2019-09-20'}
2019-09-20 11:29:25,698(pid:27316,tid:29080)--INFO: 我的客户列表请求参数:{'token': '7ce81823-e7fc-463b-bbe6-7de0d83a0ff3', 'areaCode': '000-000-005', 'startDate': '2019-09-20', 'endDate': '2019-09-20', 'vipType': 3}
2019-09-20 11:29:27,458(pid:27316,tid:29080)--INFO: 登入成功...
2019-09-20 11:29:37,506(pid:27316,tid:29080)--INFO: 抓拍列表数据请求参数:{'token': 'f4ce3ba7-b9c5-4e0f-a12e-4d03301e81d8', 'areaCode': '000-000-005', 'startDate': '2019-09-20', 'endDate': '2019-09-20'}
2019-09-20 11:29:37,548(pid:27316,tid:29080)--INFO: 标记为非客户请求参数:{'token': 'f4ce3ba7-b9c5-4e0f-a12e-4d03301e81d8', 'snapId': 62752, 'vipType': 1}
2019-09-20 11:29:37,592(pid:27316,tid:29080)--INFO: 抓拍列表数据请求参数:{'token': 'f4ce3ba7-b9c5-4e0f-a12e-4d03301e81d8', 'areaCode': '000-000-005', 'startDate': '2019-09-20', 'endDate': '2019-09-20'}
2019-09-20 11:29:37,633(pid:27316,tid:29080)--INFO: 恢复为初次到访客户请求参数:{'snapId': 62752, 'token': 'f4ce3ba7-b9c5-4e0f-a12e-4d03301e81d8'}
2019-09-20 11:29:37,677(pid:27316,tid:29080)--INFO: 抓拍列表数据请求参数:{'token': 'f4ce3ba7-b9c5-4e0f-a12e-4d03301e81d8', 'areaCode': '000-000-005', 'startDate': '2019-09-20', 'endDate': '2019-09-20'}
2019-09-20 11:29:37,719(pid:27316,tid:29080)--INFO: 跟进信息请求参数:{'snapId': 62752, 'token': 'f4ce3ba7-b9c5-4e0f-a12e-4d03301e81d8', 'areaCode': '000-000-005', 'phone': '25674782085', 'personName': 'zBSv', 'imagePath': 'http://dj.reconova.com/upload_img918/report/2019-09-20/0701-1/b26eddac-3b10-4e9a-b20a-3728331769ba.jpg', 'isTrade': 0, 'brands': ['黄金'], 'intention': '中', 'remark': '测试...', 'used': ['自己用']}
