2020/11/06 16:04:12 - root - INFO - 测试
2020/11/06 16:05:39 - root - INFO - 测试
2020/11/06 16:06:18 - root - INFO - 测试
2020/11/06 16:06:18 - root - ERROR - 测试
2020/11/06 16:06:42 - root - INFO - 测试
2020/11/06 16:06:42 - root - ERROR - 测试
2020/11/06 16:07:58 - root - INFO - 测试
2020/11/06 16:07:58 - root - ERROR - 测试
2020/11/06 16:09:48 - root - INFO - 测试
2020/11/06 16:09:48 - root - ERROR - 测试
2020/11/06 16:10:18 - root - INFO - 测试
2020/11/06 16:10:18 - root - ERROR - 测试01
2020/11/06 16:10:18 - root - WARNING - test
2020/11/06 16:22:06 - root - INFO - 测试
2020/11/06 16:22:06 - root - ERROR - 测试01
2020/11/06 16:22:06 - root - WARNING - test
测试
测试
测试
测试
2020/11/06 16:32:57 - root - INFO - 测试
2020/11/06 16:41:43 - root - INFO - 测试
